{"D:\\coding\\WebDev\\Backend_Class\\placemux-backend\\src\\server.js": {"path":"D:\\coding\\WebDev\\Backend_Class\\placemux-backend\\src\\server.js","statementMap":{"0":{"start":{"line":1,"column":0},"end":{"line":1,"column":27}},"1":{"start":{"line":3,"column":16},"end":{"line":3,"column":34}},"2":{"start":{"line":4,"column":13},"end":{"line":4,"column":28}},"3":{"start":{"line":5,"column":15},"end":{"line":5,"column":32}},"4":{"start":{"line":6,"column":13},"end":{"line":6,"column":28}},"5":{"start":{"line":7,"column":18},"end":{"line":7,"column":47}},"6":{"start":{"line":8,"column":20},"end":{"line":8,"column":47}},"7":{"start":{"line":10,"column":19},"end":{"line":10,"column":49}},"8":{"start":{"line":11,"column":22},"end":{"line":11,"column":55}},"9":{"start":{"line":12,"column":18},"end":{"line":12,"column":47}},"10":{"start":{"line":13,"column":24},"end":{"line":13,"column":59}},"11":{"start":{"line":14,"column":26},"end":{"line":14,"column":63}},"12":{"start":{"line":15,"column":24},"end":{"line":15,"column":59}},"13":{"start":{"line":16,"column":21},"end":{"line":16,"column":53}},"14":{"start":{"line":17,"column":22},"end":{"line":17,"column":55}},"15":{"start":{"line":18,"column":21},"end":{"line":18,"column":53}},"16":{"start":{"line":19,"column":22},"end":{"line":19,"column":55}},"17":{"start":{"line":20,"column":23},"end":{"line":20,"column":57}},"18":{"start":{"line":21,"column":24},"end":{"line":21,"column":59}},"19":{"start":{"line":22,"column":28},"end":{"line":22,"column":67}},"20":{"start":{"line":23,"column":29},"end":{"line":23,"column":55}},"21":{"start":{"line":24,"column":29},"end":{"line":24,"column":62}},"22":{"start":{"line":25,"column":39},"end":{"line":25,"column":76}},"23":{"start":{"line":26,"column":38},"end":{"line":26,"column":75}},"24":{"start":{"line":27,"column":73},"end":{"line":27,"column":111}},"25":{"start":{"line":28,"column":36},"end":{"line":28,"column":83}},"26":{"start":{"line":30,"column":12},"end":{"line":30,"column":21}},"27":{"start":{"line":31,"column":15},"end":{"line":31,"column":37}},"28":{"start":{"line":33,"column":33},"end":{"line":52,"column":1}},"29":{"start":{"line":34,"column":2},"end":{"line":36,"column":3}},"30":{"start":{"line":35,"column":4},"end":{"line":35,"column":11}},"31":{"start":{"line":38,"column":19},"end":{"line":45,"column":3}},"32":{"start":{"line":47,"column":18},"end":{"line":47,"column":61}},"33":{"start":{"line":47,"column":43},"end":{"line":47,"column":60}},"34":{"start":{"line":49,"column":2},"end":{"line":51,"column":3}},"35":{"start":{"line":50,"column":4},"end":{"line":50,"column":88}},"36":{"start":{"line":54,"column":23},"end":{"line":54,"column":44}},"37":{"start":{"line":55,"column":19},"end":{"line":62,"column":2}},"38":{"start":{"line":61,"column":25},"end":{"line":61,"column":78}},"39":{"start":{"line":64,"column":23},"end":{"line":66,"column":2}},"40":{"start":{"line":65,"column":109},"end":{"line":65,"column":122}},"41":{"start":{"line":68,"column":22},"end":{"line":93,"column":1}},"42":{"start":{"line":69,"column":2},"end":{"line":71,"column":3}},"43":{"start":{"line":70,"column":4},"end":{"line":70,"column":18}},"44":{"start":{"line":73,"column":26},"end":{"line":73,"column":57}},"45":{"start":{"line":74,"column":29},"end":{"line":74,"column":76}},"46":{"start":{"line":76,"column":2},"end":{"line":82,"column":3}},"47":{"start":{"line":77,"column":4},"end":{"line":77,"column":115}},"48":{"start":{"line":78,"column":4},"end":{"line":81,"column":7}},"49":{"start":{"line":84,"column":2},"end":{"line":84,"column":51}},"50":{"start":{"line":85,"column":2},"end":{"line":87,"column":5}},"51":{"start":{"line":86,"column":4},"end":{"line":86,"column":84}},"52":{"start":{"line":88,"column":2},"end":{"line":90,"column":5}},"53":{"start":{"line":89,"column":4},"end":{"line":89,"column":84}},"54":{"start":{"line":92,"column":2},"end":{"line":92,"column":16}},"55":{"start":{"line":95,"column":0},"end":{"line":95,"column":31}},"56":{"start":{"line":97,"column":0},"end":{"line":105,"column":1}},"57":{"start":{"line":98,"column":2},"end":{"line":104,"column":5}},"58":{"start":{"line":99,"column":25},"end":{"line":99,"column":63}},"59":{"start":{"line":100,"column":4},"end":{"line":102,"column":5}},"60":{"start":{"line":100,"column":38},"end":{"line":100,"column":65}},"61":{"start":{"line":101,"column":6},"end":{"line":101,"column":81}},"62":{"start":{"line":103,"column":4},"end":{"line":103,"column":18}},"63":{"start":{"line":107,"column":0},"end":{"line":107,"column":18}},"64":{"start":{"line":108,"column":0},"end":{"line":108,"column":24}},"65":{"start":{"line":109,"column":0},"end":{"line":109,"column":24}},"66":{"start":{"line":110,"column":0},"end":{"line":110,"column":33}},"67":{"start":{"line":111,"column":0},"end":{"line":111,"column":23}},"68":{"start":{"line":112,"column":0},"end":{"line":112,"column":20}},"69":{"start":{"line":113,"column":0},"end":{"line":117,"column":2}},"70":{"start":{"line":119,"column":0},"end":{"line":119,"column":33}},"71":{"start":{"line":120,"column":0},"end":{"line":120,"column":39}},"72":{"start":{"line":121,"column":0},"end":{"line":121,"column":32}},"73":{"start":{"line":122,"column":0},"end":{"line":122,"column":44}},"74":{"start":{"line":123,"column":0},"end":{"line":123,"column":48}},"75":{"start":{"line":124,"column":0},"end":{"line":124,"column":38}},"76":{"start":{"line":125,"column":0},"end":{"line":125,"column":40}},"77":{"start":{"line":126,"column":0},"end":{"line":126,"column":37}},"78":{"start":{"line":127,"column":0},"end":{"line":127,"column":40}},"79":{"start":{"line":128,"column":0},"end":{"line":128,"column":42}},"80":{"start":{"line":129,"column":0},"end":{"line":129,"column":43}},"81":{"start":{"line":130,"column":0},"end":{"line":130,"column":51}},"82":{"start":{"line":131,"column":0},"end":{"line":131,"column":43}},"83":{"start":{"line":133,"column":0},"end":{"line":140,"column":3}},"84":{"start":{"line":134,"column":2},"end":{"line":139,"column":3}},"85":{"start":{"line":135,"column":4},"end":{"line":135,"column":29}},"86":{"start":{"line":136,"column":4},"end":{"line":136,"column":57}},"87":{"start":{"line":138,"column":4},"end":{"line":138,"column":72}},"88":{"start":{"line":142,"column":0},"end":{"line":144,"column":3}},"89":{"start":{"line":143,"column":2},"end":{"line":143,"column":35}},"90":{"start":{"line":146,"column":0},"end":{"line":151,"column":3}},"91":{"start":{"line":147,"column":2},"end":{"line":150,"column":5}},"92":{"start":{"line":153,"column":0},"end":{"line":165,"column":3}},"93":{"start":{"line":154,"column":2},"end":{"line":154,"column":23}},"94":{"start":{"line":156,"column":17},"end":{"line":156,"column":56}},"95":{"start":{"line":157,"column":18},"end":{"line":159,"column":48}},"96":{"start":{"line":161,"column":2},"end":{"line":164,"column":5}},"97":{"start":{"line":167,"column":0},"end":{"line":167,"column":27}},"98":{"start":{"line":168,"column":0},"end":{"line":170,"column":1}},"99":{"start":{"line":169,"column":2},"end":{"line":169,"column":27}},"100":{"start":{"line":172,"column":0},"end":{"line":175,"column":1}},"101":{"start":{"line":173,"column":2},"end":{"line":173,"column":31}},"102":{"start":{"line":174,"column":2},"end":{"line":174,"column":30}},"103":{"start":{"line":177,"column":0},"end":{"line":177,"column":59}}},"fnMap":{"0":{"name":"(anonymous_0)","decl":{"start":{"line":33,"column":33},"end":{"line":33,"column":34}},"loc":{"start":{"line":33,"column":39},"end":{"line":52,"column":1}},"line":33},"1":{"name":"(anonymous_1)","decl":{"start":{"line":47,"column":34},"end":{"line":47,"column":35}},"loc":{"start":{"line":47,"column":43},"end":{"line":47,"column":60}},"line":47},"2":{"name":"(anonymous_2)","decl":{"start":{"line":61,"column":16},"end":{"line":61,"column":17}},"loc":{"start":{"line":61,"column":25},"end":{"line":61,"column":78}},"line":61},"3":{"name":"(anonymous_3)","decl":{"start":{"line":65,"column":97},"end":{"line":65,"column":98}},"loc":{"start":{"line":65,"column":109},"end":{"line":65,"column":122}},"line":65},"4":{"name":"(anonymous_4)","decl":{"start":{"line":68,"column":22},"end":{"line":68,"column":23}},"loc":{"start":{"line":68,"column":42},"end":{"line":93,"column":1}},"line":68},"5":{"name":"(anonymous_5)","decl":{"start":{"line":85,"column":19},"end":{"line":85,"column":20}},"loc":{"start":{"line":85,"column":25},"end":{"line":87,"column":3}},"line":85},"6":{"name":"(anonymous_6)","decl":{"start":{"line":88,"column":18},"end":{"line":88,"column":19}},"loc":{"start":{"line":88,"column":24},"end":{"line":90,"column":3}},"line":88},"7":{"name":"(anonymous_7)","decl":{"start":{"line":98,"column":10},"end":{"line":98,"column":11}},"loc":{"start":{"line":98,"column":30},"end":{"line":104,"column":3}},"line":98},"8":{"name":"(anonymous_8)","decl":{"start":{"line":100,"column":26},"end":{"line":100,"column":27}},"loc":{"start":{"line":100,"column":38},"end":{"line":100,"column":65}},"line":100},"9":{"name":"(anonymous_9)","decl":{"start":{"line":133,"column":19},"end":{"line":133,"column":20}},"loc":{"start":{"line":133,"column":39},"end":{"line":140,"column":1}},"line":133},"10":{"name":"(anonymous_10)","decl":{"start":{"line":142,"column":13},"end":{"line":142,"column":14}},"loc":{"start":{"line":142,"column":27},"end":{"line":144,"column":1}},"line":142},"11":{"name":"(anonymous_11)","decl":{"start":{"line":146,"column":8},"end":{"line":146,"column":9}},"loc":{"start":{"line":146,"column":22},"end":{"line":151,"column":1}},"line":146},"12":{"name":"(anonymous_12)","decl":{"start":{"line":153,"column":8},"end":{"line":153,"column":9}},"loc":{"start":{"line":153,"column":35},"end":{"line":165,"column":1}},"line":153}},"branchMap":{"0":{"loc":{"start":{"line":34,"column":2},"end":{"line":36,"column":3}},"type":"if","locations":[{"start":{"line":34,"column":2},"end":{"line":36,"column":3}},{"start":{},"end":{}}],"line":34},"1":{"loc":{"start":{"line":49,"column":2},"end":{"line":51,"column":3}},"type":"if","locations":[{"start":{"line":49,"column":2},"end":{"line":51,"column":3}},{"start":{},"end":{}}],"line":49},"2":{"loc":{"start":{"line":57,"column":19},"end":{"line":57,"column":69}},"type":"binary-expr","locations":[{"start":{"line":57,"column":19},"end":{"line":57,"column":51}},{"start":{"line":57,"column":55},"end":{"line":57,"column":69}}],"line":57},"3":{"loc":{"start":{"line":58,"column":22},"end":{"line":58,"column":55}},"type":"binary-expr","locations":[{"start":{"line":58,"column":22},"end":{"line":58,"column":48}},{"start":{"line":58,"column":52},"end":{"line":58,"column":55}}],"line":58},"4":{"loc":{"start":{"line":59,"column":25},"end":{"line":59,"column":68}},"type":"binary-expr","locations":[{"start":{"line":59,"column":25},"end":{"line":59,"column":63}},{"start":{"line":59,"column":67},"end":{"line":59,"column":68}}],"line":59},"5":{"loc":{"start":{"line":60,"column":26},"end":{"line":60,"column":84}},"type":"binary-expr","locations":[{"start":{"line":60,"column":26},"end":{"line":60,"column":66}},{"start":{"line":60,"column":70},"end":{"line":60,"column":84}}],"line":60},"6":{"loc":{"start":{"line":61,"column":25},"end":{"line":61,"column":78}},"type":"binary-expr","locations":[{"start":{"line":61,"column":25},"end":{"line":61,"column":31}},{"start":{"line":61,"column":35},"end":{"line":61,"column":65}},{"start":{"line":61,"column":69},"end":{"line":61,"column":78}}],"line":61},"7":{"loc":{"start":{"line":65,"column":19},"end":{"line":65,"column":80}},"type":"binary-expr","locations":[{"start":{"line":65,"column":19},"end":{"line":65,"column":51}},{"start":{"line":65,"column":55},"end":{"line":65,"column":80}}],"line":65},"8":{"loc":{"start":{"line":69,"column":2},"end":{"line":71,"column":3}},"type":"if","locations":[{"start":{"line":69,"column":2},"end":{"line":71,"column":3}},{"start":{},"end":{}}],"line":69},"9":{"loc":{"start":{"line":73,"column":26},"end":{"line":73,"column":57}},"type":"binary-expr","locations":[{"start":{"line":73,"column":26},"end":{"line":73,"column":52}},{"start":{"line":73,"column":56},"end":{"line":73,"column":57}}],"line":73},"10":{"loc":{"start":{"line":74,"column":36},"end":{"line":74,"column":75}},"type":"binary-expr","locations":[{"start":{"line":74,"column":36},"end":{"line":74,"column":68}},{"start":{"line":74,"column":72},"end":{"line":74,"column":75}}],"line":74},"11":{"loc":{"start":{"line":76,"column":2},"end":{"line":82,"column":3}},"type":"if","locations":[{"start":{"line":76,"column":2},"end":{"line":82,"column":3}},{"start":{},"end":{}}],"line":76},"12":{"loc":{"start":{"line":86,"column":46},"end":{"line":86,"column":77}},"type":"binary-expr","locations":[{"start":{"line":86,"column":46},"end":{"line":86,"column":72}},{"start":{"line":86,"column":76},"end":{"line":86,"column":77}}],"line":86},"13":{"loc":{"start":{"line":89,"column":46},"end":{"line":89,"column":77}},"type":"binary-expr","locations":[{"start":{"line":89,"column":46},"end":{"line":89,"column":72}},{"start":{"line":89,"column":76},"end":{"line":89,"column":77}}],"line":89},"14":{"loc":{"start":{"line":97,"column":0},"end":{"line":105,"column":1}},"type":"if","locations":[{"start":{"line":97,"column":0},"end":{"line":105,"column":1}},{"start":{},"end":{}}],"line":97},"15":{"loc":{"start":{"line":100,"column":4},"end":{"line":102,"column":5}},"type":"if","locations":[{"start":{"line":100,"column":4},"end":{"line":102,"column":5}},{"start":{},"end":{}}],"line":100},"16":{"loc":{"start":{"line":149,"column":13},"end":{"line":149,"column":83}},"type":"cond-expr","locations":[{"start":{"line":149,"column":53},"end":{"line":149,"column":69}},{"start":{"line":149,"column":72},"end":{"line":149,"column":83}}],"line":149},"17":{"loc":{"start":{"line":156,"column":17},"end":{"line":156,"column":56}},"type":"binary-expr","locations":[{"start":{"line":156,"column":17},"end":{"line":156,"column":29}},{"start":{"line":156,"column":33},"end":{"line":156,"column":49}},{"start":{"line":156,"column":53},"end":{"line":156,"column":56}}],"line":156},"18":{"loc":{"start":{"line":157,"column":18},"end":{"line":159,"column":48}},"type":"cond-expr","locations":[{"start":{"line":158,"column":6},"end":{"line":158,"column":22}},{"start":{"line":159,"column":7},"end":{"line":159,"column":47}}],"line":157},"19":{"loc":{"start":{"line":159,"column":7},"end":{"line":159,"column":47}},"type":"binary-expr","locations":[{"start":{"line":159,"column":7},"end":{"line":159,"column":20}},{"start":{"line":159,"column":24},"end":{"line":159,"column":47}}],"line":159},"20":{"loc":{"start":{"line":168,"column":0},"end":{"line":170,"column":1}},"type":"if","locations":[{"start":{"line":168,"column":0},"end":{"line":170,"column":1}},{"start":{},"end":{}}],"line":168},"21":{"loc":{"start":{"line":172,"column":0},"end":{"line":175,"column":1}},"type":"if","locations":[{"start":{"line":172,"column":0},"end":{"line":175,"column":1}},{"start":{},"end":{}}],"line":172}},"s":{"0":9,"1":9,"2":9,"3":9,"4":9,"5":9,"6":9,"7":9,"8":9,"9":9,"10":9,"11":9,"12":9,"13":9,"14":9,"15":9,"16":9,"17":9,"18":9,"19":9,"20":9,"21":9,"22":9,"23":9,"24":9,"25":9,"26":9,"27":9,"28":9,"29":10,"30":9,"31":1,"32":1,"33":6,"34":1,"35":1,"36":9,"37":9,"38":32,"39":9,"40":9,"41":9,"42":32,"43":31,"44":1,"45":1,"46":1,"47":0,"48":0,"49":1,"50":1,"51":1,"52":1,"53":1,"54":1,"55":9,"56":9,"57":0,"58":0,"59":0,"60":0,"61":0,"62":0,"63":9,"64":9,"65":9,"66":9,"67":9,"68":9,"69":9,"70":9,"71":9,"72":9,"73":9,"74":9,"75":9,"76":9,"77":9,"78":9,"79":9,"80":9,"81":9,"82":9,"83":9,"84":1,"85":1,"86":1,"87":0,"88":9,"89":0,"90":9,"91":1,"92":9,"93":0,"94":0,"95":0,"96":0,"97":9,"98":9,"99":0,"100":9,"101":0,"102":0,"103":9},"f":{"0":10,"1":6,"2":32,"3":9,"4":32,"5":1,"6":1,"7":0,"8":0,"9":1,"10":0,"11":1,"12":0},"b":{"0":[9,1],"1":[1,0],"2":[9,9],"3":[9,9],"4":[9,9],"5":[9,9],"6":[32,0,0],"7":[9,9],"8":[31,1],"9":[1,1],"10":[1,1],"11":[0,1],"12":[1,0],"13":[1,1],"14":[0,9],"15":[0,0],"16":[1,0],"17":[0,0,0],"18":[0,0],"19":[0,0],"20":[0,9],"21":[0,9]},"_coverageSchema":"1a1c01bbd47fc00a2c39e90264f33305004495a9","hash":"a4bef4c86a016b4e007408579c32508cf4880409"}
,"D:\\coding\\WebDev\\Backend_Class\\placemux-backend\\src\\config\\db.js": {"path":"D:\\coding\\WebDev\\Backend_Class\\placemux-backend\\src\\config\\db.js","statementMap":{"0":{"start":{"line":1,"column":17},"end":{"line":1,"column":30}},"1":{"start":{"line":3,"column":13},"end":{"line":13,"column":2}},"2":{"start":{"line":15,"column":0},"end":{"line":17,"column":3}},"3":{"start":{"line":16,"column":2},"end":{"line":16,"column":57}},"4":{"start":{"line":19,"column":14},"end":{"line":19,"column":56}},"5":{"start":{"line":19,"column":32},"end":{"line":19,"column":56}},"6":{"start":{"line":21,"column":24},"end":{"line":39,"column":1}},"7":{"start":{"line":22,"column":17},"end":{"line":22,"column":37}},"8":{"start":{"line":24,"column":2},"end":{"line":38,"column":3}},"9":{"start":{"line":25,"column":4},"end":{"line":25,"column":32}},"10":{"start":{"line":26,"column":19},"end":{"line":26,"column":41}},"11":{"start":{"line":27,"column":4},"end":{"line":27,"column":33}},"12":{"start":{"line":28,"column":4},"end":{"line":28,"column":18}},"13":{"start":{"line":30,"column":4},"end":{"line":34,"column":5}},"14":{"start":{"line":31,"column":6},"end":{"line":31,"column":37}},"15":{"start":{"line":33,"column":6},"end":{"line":33,"column":66}},"16":{"start":{"line":35,"column":4},"end":{"line":35,"column":16}},"17":{"start":{"line":37,"column":4},"end":{"line":37,"column":21}},"18":{"start":{"line":41,"column":19},"end":{"line":74,"column":1}},"19":{"start":{"line":42,"column":2},"end":{"line":47,"column":3}},"20":{"start":{"line":43,"column":4},"end":{"line":46,"column":6}},"21":{"start":{"line":49,"column":2},"end":{"line":54,"column":3}},"22":{"start":{"line":50,"column":4},"end":{"line":53,"column":6}},"23":{"start":{"line":56,"column":2},"end":{"line":61,"column":3}},"24":{"start":{"line":57,"column":4},"end":{"line":60,"column":6}},"25":{"start":{"line":63,"column":2},"end":{"line":68,"column":3}},"26":{"start":{"line":64,"column":4},"end":{"line":67,"column":6}},"27":{"start":{"line":70,"column":2},"end":{"line":73,"column":4}},"28":{"start":{"line":76,"column":0},"end":{"line":76,"column":39}},"29":{"start":{"line":77,"column":0},"end":{"line":77,"column":29}},"30":{"start":{"line":79,"column":0},"end":{"line":79,"column":22}}},"fnMap":{"0":{"name":"(anonymous_0)","decl":{"start":{"line":15,"column":17},"end":{"line":15,"column":18}},"loc":{"start":{"line":15,"column":28},"end":{"line":17,"column":1}},"line":15},"1":{"name":"(anonymous_1)","decl":{"start":{"line":19,"column":14},"end":{"line":19,"column":15}},"loc":{"start":{"line":19,"column":32},"end":{"line":19,"column":56}},"line":19},"2":{"name":"(anonymous_2)","decl":{"start":{"line":21,"column":24},"end":{"line":21,"column":25}},"loc":{"start":{"line":21,"column":44},"end":{"line":39,"column":1}},"line":21},"3":{"name":"(anonymous_3)","decl":{"start":{"line":41,"column":19},"end":{"line":41,"column":20}},"loc":{"start":{"line":41,"column":30},"end":{"line":74,"column":1}},"line":41}},"branchMap":{"0":{"loc":{"start":{"line":9,"column":14},"end":{"line":9,"column":43}},"type":"binary-expr","locations":[{"start":{"line":9,"column":14},"end":{"line":9,"column":37}},{"start":{"line":9,"column":41},"end":{"line":9,"column":43}}],"line":9},"1":{"loc":{"start":{"line":10,"column":28},"end":{"line":10,"column":67}},"type":"binary-expr","locations":[{"start":{"line":10,"column":28},"end":{"line":10,"column":58}},{"start":{"line":10,"column":62},"end":{"line":10,"column":67}}],"line":10},"2":{"loc":{"start":{"line":11,"column":34},"end":{"line":11,"column":78}},"type":"binary-expr","locations":[{"start":{"line":11,"column":34},"end":{"line":11,"column":70}},{"start":{"line":11,"column":74},"end":{"line":11,"column":78}}],"line":11},"3":{"loc":{"start":{"line":12,"column":28},"end":{"line":12,"column":71}},"type":"binary-expr","locations":[{"start":{"line":12,"column":28},"end":{"line":12,"column":63}},{"start":{"line":12,"column":67},"end":{"line":12,"column":71}}],"line":12},"4":{"loc":{"start":{"line":42,"column":2},"end":{"line":47,"column":3}},"type":"if","locations":[{"start":{"line":42,"column":2},"end":{"line":47,"column":3}},{"start":{},"end":{}}],"line":42},"5":{"loc":{"start":{"line":42,"column":6},"end":{"line":42,"column":41}},"type":"binary-expr","locations":[{"start":{"line":42,"column":6},"end":{"line":42,"column":12}},{"start":{"line":42,"column":16},"end":{"line":42,"column":41}}],"line":42},"6":{"loc":{"start":{"line":49,"column":2},"end":{"line":54,"column":3}},"type":"if","locations":[{"start":{"line":49,"column":2},"end":{"line":54,"column":3}},{"start":{},"end":{}}],"line":49},"7":{"loc":{"start":{"line":56,"column":2},"end":{"line":61,"column":3}},"type":"if","locations":[{"start":{"line":56,"column":2},"end":{"line":61,"column":3}},{"start":{},"end":{}}],"line":56},"8":{"loc":{"start":{"line":63,"column":2},"end":{"line":68,"column":3}},"type":"if","locations":[{"start":{"line":63,"column":2},"end":{"line":68,"column":3}},{"start":{},"end":{}}],"line":63},"9":{"loc":{"start":{"line":63,"column":6},"end":{"line":63,"column":54}},"type":"binary-expr","locations":[{"start":{"line":63,"column":6},"end":{"line":63,"column":18}},{"start":{"line":63,"column":22},"end":{"line":63,"column":54}}],"line":63},"10":{"loc":{"start":{"line":66,"column":15},"end":{"line":66,"column":48}},"type":"binary-expr","locations":[{"start":{"line":66,"column":15},"end":{"line":66,"column":28}},{"start":{"line":66,"column":32},"end":{"line":66,"column":48}}],"line":66},"11":{"loc":{"start":{"line":72,"column":13},"end":{"line":72,"column":46}},"type":"binary-expr","locations":[{"start":{"line":72,"column":13},"end":{"line":72,"column":26}},{"start":{"line":72,"column":30},"end":{"line":72,"column":46}}],"line":72}},"s":{"0":15,"1":15,"2":15,"3":0,"4":15,"5":0,"6":15,"7":10,"8":10,"9":10,"10":10,"11":9,"12":9,"13":1,"14":1,"15":0,"16":1,"17":10,"18":15,"19":1,"20":0,"21":1,"22":1,"23":0,"24":0,"25":0,"26":0,"27":0,"28":15,"29":15,"30":15},"f":{"0":0,"1":0,"2":10,"3":1},"b":{"0":[15,15],"1":[15,15],"2":[15,15],"3":[15,15],"4":[0,1],"5":[1,1],"6":[1,0],"7":[0,0],"8":[0,0],"9":[0,0],"10":[0,0],"11":[0,0]},"_coverageSchema":"1a1c01bbd47fc00a2c39e90264f33305004495a9","hash":"0bef77c3bafc50a8e7b7c3ebbea7aa085b15d146"}
,"D:\\coding\\WebDev\\Backend_Class\\placemux-backend\\src\\config\\schema.js": {"path":"D:\\coding\\WebDev\\Backend_Class\\placemux-backend\\src\\config\\schema.js","statementMap":{"0":{"start":{"line":1,"column":13},"end":{"line":1,"column":28}},"1":{"start":{"line":3,"column":25},"end":{"line":283,"column":1}},"2":{"start":{"line":4,"column":2},"end":{"line":12,"column":5}},"3":{"start":{"line":14,"column":2},"end":{"line":24,"column":5}},"4":{"start":{"line":26,"column":2},"end":{"line":36,"column":5}},"5":{"start":{"line":38,"column":2},"end":{"line":47,"column":5}},"6":{"start":{"line":49,"column":2},"end":{"line":57,"column":5}},"7":{"start":{"line":59,"column":2},"end":{"line":67,"column":5}},"8":{"start":{"line":69,"column":2},"end":{"line":136,"column":5}},"9":{"start":{"line":138,"column":2},"end":{"line":141,"column":5}},"10":{"start":{"line":143,"column":2},"end":{"line":157,"column":5}},"11":{"start":{"line":159,"column":2},"end":{"line":168,"column":5}},"12":{"start":{"line":170,"column":2},"end":{"line":181,"column":5}},"13":{"start":{"line":183,"column":2},"end":{"line":195,"column":5}},"14":{"start":{"line":197,"column":2},"end":{"line":212,"column":5}},"15":{"start":{"line":214,"column":2},"end":{"line":222,"column":5}},"16":{"start":{"line":224,"column":2},"end":{"line":235,"column":5}},"17":{"start":{"line":237,"column":2},"end":{"line":246,"column":5}},"18":{"start":{"line":248,"column":2},"end":{"line":256,"column":5}},"19":{"start":{"line":258,"column":2},"end":{"line":269,"column":5}},"20":{"start":{"line":271,"column":2},"end":{"line":282,"column":5}},"21":{"start":{"line":285,"column":0},"end":{"line":287,"column":2}}},"fnMap":{"0":{"name":"(anonymous_0)","decl":{"start":{"line":3,"column":25},"end":{"line":3,"column":26}},"loc":{"start":{"line":3,"column":37},"end":{"line":283,"column":1}},"line":3}},"branchMap":{},"s":{"0":9,"1":9,"2":8,"3":8,"4":8,"5":8,"6":8,"7":8,"8":8,"9":8,"10":8,"11":8,"12":8,"13":8,"14":8,"15":8,"16":8,"17":8,"18":8,"19":8,"20":8,"21":9},"f":{"0":8},"b":{},"_coverageSchema":"1a1c01bbd47fc00a2c39e90264f33305004495a9","hash":"7db53ba7122d747b582a5ca6a8b57f10507c0ff0"}
,"D:\\coding\\WebDev\\Backend_Class\\placemux-backend\\src\\config\\swagger.js": {"path":"D:\\coding\\WebDev\\Backend_Class\\placemux-backend\\src\\config\\swagger.js","statementMap":{"0":{"start":{"line":1,"column":21},"end":{"line":1,"column":45}},"1":{"start":{"line":3,"column":16},"end":{"line":34,"column":1}},"2":{"start":{"line":36,"column":20},"end":{"line":36,"column":41}},"3":{"start":{"line":38,"column":0},"end":{"line":38,"column":29}}},"fnMap":{},"branchMap":{},"s":{"0":9,"1":9,"2":9,"3":9},"f":{},"b":{},"_coverageSchema":"1a1c01bbd47fc00a2c39e90264f33305004495a9","hash":"c1d0a29c8a51c382b614557bc3cec00a808ee300"}
,"D:\\coding\\WebDev\\Backend_Class\\placemux-backend\\src\\controllers\\analyticsController.js": {"path":"D:\\coding\\WebDev\\Backend_Class\\placemux-backend\\src\\controllers\\analyticsController.js","statementMap":{"0":{"start":{"line":1,"column":65},"end":{"line":1,"column":104}},"1":{"start":{"line":3,"column":33},"end":{"line":27,"column":1}},"2":{"start":{"line":4,"column":2},"end":{"line":26,"column":3}},"3":{"start":{"line":5,"column":19},"end":{"line":5,"column":44}},"4":{"start":{"line":7,"column":23},"end":{"line":7,"column":38}},"5":{"start":{"line":8,"column":28},"end":{"line":8,"column":48}},"6":{"start":{"line":10,"column":4},"end":{"line":19,"column":7}},"7":{"start":{"line":21,"column":4},"end":{"line":21,"column":25}},"8":{"start":{"line":22,"column":4},"end":{"line":25,"column":7}},"9":{"start":{"line":29,"column":0},"end":{"line":31,"column":2}}},"fnMap":{"0":{"name":"(anonymous_0)","decl":{"start":{"line":3,"column":33},"end":{"line":3,"column":34}},"loc":{"start":{"line":3,"column":53},"end":{"line":27,"column":1}},"line":3}},"branchMap":{},"s":{"0":9,"1":9,"2":0,"3":0,"4":0,"5":0,"6":0,"7":0,"8":0,"9":9},"f":{"0":0},"b":{},"_coverageSchema":"1a1c01bbd47fc00a2c39e90264f33305004495a9","hash":"8a913ab9b5548138076d9ed8e4e4d305f7046efd"}
,"D:\\coding\\WebDev\\Backend_Class\\placemux-backend\\src\\controllers\\applicationController.js": {"path":"D:\\coding\\WebDev\\Backend_Class\\placemux-backend\\src\\controllers\\applicationController.js","statementMap":{"0":{"start":{"line":1,"column":13},"end":{"line":1,"column":36}},"1":{"start":{"line":2,"column":28},"end":{"line":2,"column":66}},"2":{"start":{"line":3,"column":37},"end":{"line":3,"column":76}},"3":{"start":{"line":7,"column":4},"end":{"line":7,"column":49}},"4":{"start":{"line":9,"column":17},"end":{"line":151,"column":1}},"5":{"start":{"line":10,"column":2},"end":{"line":150,"column":3}},"6":{"start":{"line":13,"column":6},"end":{"line":13,"column":43}},"7":{"start":{"line":15,"column":4},"end":{"line":20,"column":5}},"8":{"start":{"line":16,"column":6},"end":{"line":19,"column":9}},"9":{"start":{"line":25,"column":8},"end":{"line":25,"column":16}},"10":{"start":{"line":28,"column":28},"end":{"line":31,"column":5}},"11":{"start":{"line":34,"column":22},"end":{"line":37,"column":5}},"12":{"start":{"line":39,"column":4},"end":{"line":47,"column":5}},"13":{"start":{"line":43,"column":6},"end":{"line":46,"column":9}},"14":{"start":{"line":50,"column":6},"end":{"line":50,"column":42}},"15":{"start":{"line":53,"column":6},"end":{"line":53,"column":45}},"16":{"start":{"line":56,"column":6},"end":{"line":72,"column":8}},"17":{"start":{"line":58,"column":10},"end":{"line":62,"column":11}},"18":{"start":{"line":60,"column":14},"end":{"line":61,"column":40}},"19":{"start":{"line":64,"column":8},"end":{"line":66,"column":9}},"20":{"start":{"line":65,"column":10},"end":{"line":65,"column":23}},"21":{"start":{"line":68,"column":8},"end":{"line":71,"column":10}},"22":{"start":{"line":74,"column":19},"end":{"line":76,"column":28}},"23":{"start":{"line":78,"column":19},"end":{"line":114,"column":6}},"24":{"start":{"line":79,"column":34},"end":{"line":87,"column":7}},"25":{"start":{"line":89,"column":6},"end":{"line":95,"column":7}},"26":{"start":{"line":90,"column":22},"end":{"line":92,"column":9}},"27":{"start":{"line":93,"column":8},"end":{"line":93,"column":27}},"28":{"start":{"line":94,"column":8},"end":{"line":94,"column":20}},"29":{"start":{"line":97,"column":6},"end":{"line":113,"column":8}},"30":{"start":{"line":116,"column":26},"end":{"line":124,"column":6}},"31":{"start":{"line":126,"column":4},"end":{"line":126,"column":31}},"32":{"start":{"line":128,"column":4},"end":{"line":140,"column":7}},"33":{"start":{"line":143,"column":4},"end":{"line":143,"column":25}},"34":{"start":{"line":144,"column":20},"end":{"line":144,"column":42}},"35":{"start":{"line":146,"column":4},"end":{"line":149,"column":7}},"36":{"start":{"line":153,"column":0},"end":{"line":155,"column":2}}},"fnMap":{"0":{"name":"(anonymous_0)","decl":{"start":{"line":9,"column":17},"end":{"line":9,"column":18}},"loc":{"start":{"line":9,"column":37},"end":{"line":151,"column":1}},"line":9},"1":{"name":"(anonymous_1)","decl":{"start":{"line":56,"column":28},"end":{"line":56,"column":29}},"loc":{"start":{"line":56,"column":45},"end":{"line":72,"column":7}},"line":56},"2":{"name":"(anonymous_2)","decl":{"start":{"line":59,"column":12},"end":{"line":59,"column":13}},"loc":{"start":{"line":60,"column":14},"end":{"line":61,"column":40}},"line":60},"3":{"name":"(anonymous_3)","decl":{"start":{"line":78,"column":46},"end":{"line":78,"column":47}},"loc":{"start":{"line":78,"column":64},"end":{"line":114,"column":5}},"line":78}},"branchMap":{"0":{"loc":{"start":{"line":15,"column":4},"end":{"line":20,"column":5}},"type":"if","locations":[{"start":{"line":15,"column":4},"end":{"line":20,"column":5}},{"start":{},"end":{}}],"line":15},"1":{"loc":{"start":{"line":39,"column":4},"end":{"line":47,"column":5}},"type":"if","locations":[{"start":{"line":39,"column":4},"end":{"line":47,"column":5}},{"start":{},"end":{}}],"line":39},"2":{"loc":{"start":{"line":40,"column":6},"end":{"line":41,"column":33}},"type":"binary-expr","locations":[{"start":{"line":40,"column":6},"end":{"line":40,"column":39}},{"start":{"line":41,"column":6},"end":{"line":41,"column":33}}],"line":40},"3":{"loc":{"start":{"line":50,"column":6},"end":{"line":50,"column":42}},"type":"binary-expr","locations":[{"start":{"line":50,"column":6},"end":{"line":50,"column":36}},{"start":{"line":50,"column":40},"end":{"line":50,"column":42}}],"line":50},"4":{"loc":{"start":{"line":53,"column":6},"end":{"line":53,"column":45}},"type":"binary-expr","locations":[{"start":{"line":53,"column":6},"end":{"line":53,"column":39}},{"start":{"line":53,"column":43},"end":{"line":53,"column":45}}],"line":53},"5":{"loc":{"start":{"line":64,"column":8},"end":{"line":66,"column":9}},"type":"if","locations":[{"start":{"line":64,"column":8},"end":{"line":66,"column":9}},{"start":{},"end":{}}],"line":64},"6":{"loc":{"start":{"line":74,"column":19},"end":{"line":76,"column":28}},"type":"cond-expr","locations":[{"start":{"line":75,"column":8},"end":{"line":75,"column":17}},{"start":{"line":76,"column":8},"end":{"line":76,"column":28}}],"line":74},"7":{"loc":{"start":{"line":89,"column":6},"end":{"line":95,"column":7}},"type":"if","locations":[{"start":{"line":89,"column":6},"end":{"line":95,"column":7}},{"start":{},"end":{}}],"line":89},"8":{"loc":{"start":{"line":137,"column":15},"end":{"line":139,"column":53}},"type":"cond-expr","locations":[{"start":{"line":138,"column":10},"end":{"line":138,"column":46}},{"start":{"line":139,"column":10},"end":{"line":139,"column":53}}],"line":137}},"s":{"0":9,"1":9,"2":9,"3":9,"4":9,"5":0,"6":0,"7":0,"8":0,"9":0,"10":0,"11":0,"12":0,"13":0,"14":0,"15":0,"16":0,"17":0,"18":0,"19":0,"20":0,"21":0,"22":0,"23":0,"24":0,"25":0,"26":0,"27":0,"28":0,"29":0,"30":0,"31":0,"32":0,"33":0,"34":0,"35":0,"36":9},"f":{"0":0,"1":0,"2":0,"3":0},"b":{"0":[0,0],"1":[0,0],"2":[0,0],"3":[0,0],"4":[0,0],"5":[0,0],"6":[0,0],"7":[0,0],"8":[0,0]},"_coverageSchema":"1a1c01bbd47fc00a2c39e90264f33305004495a9","hash":"d52fe03a0a613abac867154f989b17594dc7b732"}
,"D:\\coding\\WebDev\\Backend_Class\\placemux-backend\\src\\controllers\\authController.js": {"path":"D:\\coding\\WebDev\\Backend_Class\\placemux-backend\\src\\controllers\\authController.js","statementMap":{"0":{"start":{"line":1,"column":15},"end":{"line":1,"column":34}},"1":{"start":{"line":2,"column":12},"end":{"line":2,"column":35}},"2":{"start":{"line":3,"column":13},"end":{"line":3,"column":36}},"3":{"start":{"line":4,"column":31},"end":{"line":4,"column":72}},"4":{"start":{"line":6,"column":28},"end":{"line":22,"column":1}},"5":{"start":{"line":7,"column":20},"end":{"line":7,"column":42}},"6":{"start":{"line":9,"column":2},"end":{"line":11,"column":3}},"7":{"start":{"line":10,"column":4},"end":{"line":10,"column":67}},"8":{"start":{"line":13,"column":2},"end":{"line":21,"column":4}},"9":{"start":{"line":24,"column":21},"end":{"line":79,"column":1}},"10":{"start":{"line":25,"column":2},"end":{"line":78,"column":3}},"11":{"start":{"line":26,"column":23},"end":{"line":26,"column":61}},"12":{"start":{"line":28,"column":4},"end":{"line":33,"column":5}},"13":{"start":{"line":29,"column":6},"end":{"line":32,"column":9}},"14":{"start":{"line":35,"column":32},"end":{"line":35,"column":40}},"15":{"start":{"line":37,"column":28},"end":{"line":40,"column":5}},"16":{"start":{"line":42,"column":4},"end":{"line":47,"column":5}},"17":{"start":{"line":43,"column":6},"end":{"line":46,"column":9}},"18":{"start":{"line":49,"column":20},"end":{"line":49,"column":43}},"19":{"start":{"line":51,"column":28},"end":{"line":54,"column":5}},"20":{"start":{"line":56,"column":4},"end":{"line":61,"column":5}},"21":{"start":{"line":57,"column":6},"end":{"line":60,"column":9}},"22":{"start":{"line":63,"column":18},"end":{"line":63,"column":46}},"23":{"start":{"line":65,"column":4},"end":{"line":65,"column":33}},"24":{"start":{"line":67,"column":4},"end":{"line":71,"column":7}},"25":{"start":{"line":73,"column":4},"end":{"line":73,"column":25}},"26":{"start":{"line":74,"column":4},"end":{"line":77,"column":7}},"27":{"start":{"line":81,"column":0},"end":{"line":83,"column":2}}},"fnMap":{"0":{"name":"(anonymous_0)","decl":{"start":{"line":6,"column":28},"end":{"line":6,"column":29}},"loc":{"start":{"line":6,"column":41},"end":{"line":22,"column":1}},"line":6},"1":{"name":"(anonymous_1)","decl":{"start":{"line":24,"column":21},"end":{"line":24,"column":22}},"loc":{"start":{"line":24,"column":41},"end":{"line":79,"column":1}},"line":24}},"branchMap":{"0":{"loc":{"start":{"line":9,"column":2},"end":{"line":11,"column":3}},"type":"if","locations":[{"start":{"line":9,"column":2},"end":{"line":11,"column":3}},{"start":{},"end":{}}],"line":9},"1":{"loc":{"start":{"line":20,"column":17},"end":{"line":20,"column":51}},"type":"binary-expr","locations":[{"start":{"line":20,"column":17},"end":{"line":20,"column":43}},{"start":{"line":20,"column":47},"end":{"line":20,"column":51}}],"line":20},"2":{"loc":{"start":{"line":28,"column":4},"end":{"line":33,"column":5}},"type":"if","locations":[{"start":{"line":28,"column":4},"end":{"line":33,"column":5}},{"start":{},"end":{}}],"line":28},"3":{"loc":{"start":{"line":42,"column":4},"end":{"line":47,"column":5}},"type":"if","locations":[{"start":{"line":42,"column":4},"end":{"line":47,"column":5}},{"start":{},"end":{}}],"line":42},"4":{"loc":{"start":{"line":56,"column":4},"end":{"line":61,"column":5}},"type":"if","locations":[{"start":{"line":56,"column":4},"end":{"line":61,"column":5}},{"start":{},"end":{}}],"line":56}},"s":{"0":10,"1":10,"2":10,"3":10,"4":10,"5":8,"6":8,"7":0,"8":8,"9":10,"10":9,"11":9,"12":9,"13":0,"14":9,"15":9,"16":9,"17":1,"18":8,"19":8,"20":8,"21":0,"22":8,"23":8,"24":8,"25":0,"26":0,"27":10},"f":{"0":8,"1":9},"b":{"0":[0,8],"1":[8,8],"2":[0,9],"3":[1,8],"4":[0,8]},"_coverageSchema":"1a1c01bbd47fc00a2c39e90264f33305004495a9","hash":"a5d52fc16cf9b204cc21e651035a4238efa96291"}
,"D:\\coding\\WebDev\\Backend_Class\\placemux-backend\\src\\controllers\\candidateController.js": {"path":"D:\\coding\\WebDev\\Backend_Class\\placemux-backend\\src\\controllers\\candidateController.js","statementMap":{"0":{"start":{"line":1,"column":13},"end":{"line":1,"column":36}},"1":{"start":{"line":2,"column":37},"end":{"line":2,"column":76}},"2":{"start":{"line":6,"column":4},"end":{"line":6,"column":47}},"3":{"start":{"line":8,"column":24},"end":{"line":60,"column":1}},"4":{"start":{"line":9,"column":2},"end":{"line":59,"column":3}},"5":{"start":{"line":12,"column":6},"end":{"line":12,"column":47}},"6":{"start":{"line":14,"column":4},"end":{"line":19,"column":5}},"7":{"start":{"line":15,"column":6},"end":{"line":18,"column":9}},"8":{"start":{"line":25,"column":8},"end":{"line":25,"column":16}},"9":{"start":{"line":27,"column":19},"end":{"line":43,"column":5}},"10":{"start":{"line":45,"column":4},"end":{"line":45,"column":31}},"11":{"start":{"line":47,"column":4},"end":{"line":50,"column":7}},"12":{"start":{"line":53,"column":4},"end":{"line":53,"column":25}},"13":{"start":{"line":55,"column":4},"end":{"line":58,"column":7}},"14":{"start":{"line":62,"column":0},"end":{"line":64,"column":2}}},"fnMap":{"0":{"name":"(anonymous_0)","decl":{"start":{"line":8,"column":24},"end":{"line":8,"column":25}},"loc":{"start":{"line":8,"column":44},"end":{"line":60,"column":1}},"line":8}},"branchMap":{"0":{"loc":{"start":{"line":14,"column":4},"end":{"line":19,"column":5}},"type":"if","locations":[{"start":{"line":14,"column":4},"end":{"line":19,"column":5}},{"start":{},"end":{}}],"line":14}},"s":{"0":9,"1":9,"2":9,"3":9,"4":0,"5":0,"6":0,"7":0,"8":0,"9":0,"10":0,"11":0,"12":0,"13":0,"14":9},"f":{"0":0},"b":{"0":[0,0]},"_coverageSchema":"1a1c01bbd47fc00a2c39e90264f33305004495a9","hash":"023878ae78d26b4ecfb18ce2a9d821d6e44ac98f"}
,"D:\\coding\\WebDev\\Backend_Class\\placemux-backend\\src\\controllers\\companyController.js": {"path":"D:\\coding\\WebDev\\Backend_Class\\placemux-backend\\src\\controllers\\companyController.js","statementMap":{"0":{"start":{"line":1,"column":13},"end":{"line":1,"column":36}},"1":{"start":{"line":2,"column":15},"end":{"line":2,"column":34}},"2":{"start":{"line":6,"column":4},"end":{"line":6,"column":45}},"3":{"start":{"line":10,"column":4},"end":{"line":10,"column":41}},"4":{"start":{"line":13,"column":4},"end":{"line":13,"column":46}},"5":{"start":{"line":14,"column":37},"end":{"line":14,"column":76}},"6":{"start":{"line":20,"column":22},"end":{"line":104,"column":1}},"7":{"start":{"line":21,"column":2},"end":{"line":103,"column":3}},"8":{"start":{"line":24,"column":6},"end":{"line":24,"column":45}},"9":{"start":{"line":26,"column":4},"end":{"line":31,"column":5}},"10":{"start":{"line":27,"column":6},"end":{"line":30,"column":9}},"11":{"start":{"line":37,"column":8},"end":{"line":37,"column":16}},"12":{"start":{"line":39,"column":28},"end":{"line":42,"column":5}},"13":{"start":{"line":44,"column":4},"end":{"line":49,"column":5}},"14":{"start":{"line":45,"column":6},"end":{"line":48,"column":9}},"15":{"start":{"line":52,"column":6},"end":{"line":52,"column":37}},"16":{"start":{"line":55,"column":19},"end":{"line":55,"column":39}},"17":{"start":{"line":56,"column":4},"end":{"line":94,"column":5}},"18":{"start":{"line":57,"column":6},"end":{"line":57,"column":34}},"19":{"start":{"line":58,"column":24},"end":{"line":70,"column":7}},"20":{"start":{"line":72,"column":22},"end":{"line":72,"column":39}},"21":{"start":{"line":74,"column":6},"end":{"line":81,"column":8}},"22":{"start":{"line":83,"column":6},"end":{"line":83,"column":35}},"23":{"start":{"line":85,"column":6},"end":{"line":85,"column":35}},"24":{"start":{"line":86,"column":6},"end":{"line":86,"column":33}},"25":{"start":{"line":88,"column":6},"end":{"line":88,"column":55}},"26":{"start":{"line":90,"column":6},"end":{"line":90,"column":37}},"27":{"start":{"line":91,"column":6},"end":{"line":91,"column":16}},"28":{"start":{"line":93,"column":6},"end":{"line":93,"column":23}},"29":{"start":{"line":97,"column":4},"end":{"line":97,"column":25}},"30":{"start":{"line":99,"column":4},"end":{"line":102,"column":7}},"31":{"start":{"line":110,"column":22},"end":{"line":178,"column":1}},"32":{"start":{"line":111,"column":2},"end":{"line":177,"column":3}},"33":{"start":{"line":118,"column":8},"end":{"line":118,"column":16}},"34":{"start":{"line":120,"column":22},"end":{"line":120,"column":41}},"35":{"start":{"line":122,"column":4},"end":{"line":127,"column":5}},"36":{"start":{"line":123,"column":6},"end":{"line":126,"column":9}},"37":{"start":{"line":129,"column":20},"end":{"line":132,"column":5}},"38":{"start":{"line":134,"column":4},"end":{"line":139,"column":5}},"39":{"start":{"line":135,"column":6},"end":{"line":138,"column":9}},"40":{"start":{"line":141,"column":19},"end":{"line":161,"column":5}},"41":{"start":{"line":163,"column":4},"end":{"line":163,"column":31}},"42":{"start":{"line":165,"column":4},"end":{"line":168,"column":7}},"43":{"start":{"line":171,"column":4},"end":{"line":171,"column":25}},"44":{"start":{"line":173,"column":4},"end":{"line":176,"column":7}},"45":{"start":{"line":184,"column":18},"end":{"line":322,"column":1}},"46":{"start":{"line":185,"column":2},"end":{"line":321,"column":3}},"47":{"start":{"line":188,"column":6},"end":{"line":188,"column":35}},"48":{"start":{"line":190,"column":4},"end":{"line":195,"column":5}},"49":{"start":{"line":191,"column":6},"end":{"line":194,"column":9}},"50":{"start":{"line":201,"column":8},"end":{"line":201,"column":16}},"51":{"start":{"line":203,"column":22},"end":{"line":203,"column":41}},"52":{"start":{"line":206,"column":6},"end":{"line":206,"column":36}},"53":{"start":{"line":208,"column":4},"end":{"line":213,"column":5}},"54":{"start":{"line":209,"column":6},"end":{"line":212,"column":9}},"55":{"start":{"line":215,"column":24},"end":{"line":222,"column":5}},"56":{"start":{"line":224,"column":4},"end":{"line":231,"column":5}},"57":{"start":{"line":225,"column":6},"end":{"line":230,"column":9}},"58":{"start":{"line":233,"column":20},"end":{"line":240,"column":5}},"59":{"start":{"line":242,"column":4},"end":{"line":247,"column":5}},"60":{"start":{"line":243,"column":6},"end":{"line":246,"column":9}},"61":{"start":{"line":249,"column":25},"end":{"line":309,"column":6}},"62":{"start":{"line":250,"column":26},"end":{"line":257,"column":7}},"63":{"start":{"line":259,"column":6},"end":{"line":263,"column":7}},"64":{"start":{"line":260,"column":22},"end":{"line":260,"column":56}},"65":{"start":{"line":261,"column":8},"end":{"line":261,"column":27}},"66":{"start":{"line":262,"column":8},"end":{"line":262,"column":20}},"67":{"start":{"line":265,"column":21},"end":{"line":283,"column":7}},"68":{"start":{"line":285,"column":27},"end":{"line":289,"column":7}},"69":{"start":{"line":291,"column":6},"end":{"line":306,"column":8}},"70":{"start":{"line":308,"column":6},"end":{"line":308,"column":26}},"71":{"start":{"line":311,"column":4},"end":{"line":311,"column":39}},"72":{"start":{"line":314,"column":4},"end":{"line":314,"column":25}},"73":{"start":{"line":315,"column":20},"end":{"line":315,"column":42}},"74":{"start":{"line":317,"column":4},"end":{"line":320,"column":7}},"75":{"start":{"line":324,"column":32},"end":{"line":357,"column":1}},"76":{"start":{"line":325,"column":2},"end":{"line":356,"column":3}},"77":{"start":{"line":326,"column":22},"end":{"line":326,"column":50}},"78":{"start":{"line":328,"column":4},"end":{"line":333,"column":5}},"79":{"start":{"line":329,"column":6},"end":{"line":332,"column":9}},"80":{"start":{"line":335,"column":21},"end":{"line":335,"column":68}},"81":{"start":{"line":337,"column":4},"end":{"line":342,"column":5}},"82":{"start":{"line":338,"column":6},"end":{"line":341,"column":9}},"83":{"start":{"line":344,"column":4},"end":{"line":347,"column":7}},"84":{"start":{"line":349,"column":4},"end":{"line":349,"column":25}},"85":{"start":{"line":350,"column":20},"end":{"line":350,"column":42}},"86":{"start":{"line":352,"column":4},"end":{"line":355,"column":7}},"87":{"start":{"line":359,"column":24},"end":{"line":387,"column":1}},"88":{"start":{"line":360,"column":2},"end":{"line":386,"column":3}},"89":{"start":{"line":361,"column":22},"end":{"line":361,"column":72}},"90":{"start":{"line":363,"column":4},"end":{"line":365,"column":5}},"91":{"start":{"line":364,"column":6},"end":{"line":364,"column":85}},"92":{"start":{"line":367,"column":19},"end":{"line":370,"column":5}},"93":{"start":{"line":372,"column":4},"end":{"line":374,"column":5}},"94":{"start":{"line":373,"column":6},"end":{"line":373,"column":84}},"95":{"start":{"line":376,"column":4},"end":{"line":379,"column":6}},"96":{"start":{"line":381,"column":4},"end":{"line":381,"column":69}},"97":{"start":{"line":383,"column":4},"end":{"line":383,"column":25}},"98":{"start":{"line":384,"column":20},"end":{"line":384,"column":102}},"99":{"start":{"line":385,"column":4},"end":{"line":385,"column":82}},"100":{"start":{"line":389,"column":0},"end":{"line":395,"column":2}}},"fnMap":{"0":{"name":"(anonymous_0)","decl":{"start":{"line":20,"column":22},"end":{"line":20,"column":23}},"loc":{"start":{"line":20,"column":42},"end":{"line":104,"column":1}},"line":20},"1":{"name":"(anonymous_1)","decl":{"start":{"line":110,"column":22},"end":{"line":110,"column":23}},"loc":{"start":{"line":110,"column":42},"end":{"line":178,"column":1}},"line":110},"2":{"name":"(anonymous_2)","decl":{"start":{"line":184,"column":18},"end":{"line":184,"column":19}},"loc":{"start":{"line":184,"column":38},"end":{"line":322,"column":1}},"line":184},"3":{"name":"(anonymous_3)","decl":{"start":{"line":249,"column":52},"end":{"line":249,"column":53}},"loc":{"start":{"line":249,"column":70},"end":{"line":309,"column":5}},"line":249},"4":{"name":"(anonymous_4)","decl":{"start":{"line":324,"column":32},"end":{"line":324,"column":33}},"loc":{"start":{"line":324,"column":52},"end":{"line":357,"column":1}},"line":324},"5":{"name":"(anonymous_5)","decl":{"start":{"line":359,"column":24},"end":{"line":359,"column":25}},"loc":{"start":{"line":359,"column":44},"end":{"line":387,"column":1}},"line":359}},"branchMap":{"0":{"loc":{"start":{"line":26,"column":4},"end":{"line":31,"column":5}},"type":"if","locations":[{"start":{"line":26,"column":4},"end":{"line":31,"column":5}},{"start":{},"end":{}}],"line":26},"1":{"loc":{"start":{"line":44,"column":4},"end":{"line":49,"column":5}},"type":"if","locations":[{"start":{"line":44,"column":4},"end":{"line":49,"column":5}},{"start":{},"end":{}}],"line":44},"2":{"loc":{"start":{"line":122,"column":4},"end":{"line":127,"column":5}},"type":"if","locations":[{"start":{"line":122,"column":4},"end":{"line":127,"column":5}},{"start":{},"end":{}}],"line":122},"3":{"loc":{"start":{"line":134,"column":4},"end":{"line":139,"column":5}},"type":"if","locations":[{"start":{"line":134,"column":4},"end":{"line":139,"column":5}},{"start":{},"end":{}}],"line":134},"4":{"loc":{"start":{"line":190,"column":4},"end":{"line":195,"column":5}},"type":"if","locations":[{"start":{"line":190,"column":4},"end":{"line":195,"column":5}},{"start":{},"end":{}}],"line":190},"5":{"loc":{"start":{"line":208,"column":4},"end":{"line":213,"column":5}},"type":"if","locations":[{"start":{"line":208,"column":4},"end":{"line":213,"column":5}},{"start":{},"end":{}}],"line":208},"6":{"loc":{"start":{"line":224,"column":4},"end":{"line":231,"column":5}},"type":"if","locations":[{"start":{"line":224,"column":4},"end":{"line":231,"column":5}},{"start":{},"end":{}}],"line":224},"7":{"loc":{"start":{"line":242,"column":4},"end":{"line":247,"column":5}},"type":"if","locations":[{"start":{"line":242,"column":4},"end":{"line":247,"column":5}},{"start":{},"end":{}}],"line":242},"8":{"loc":{"start":{"line":259,"column":6},"end":{"line":263,"column":7}},"type":"if","locations":[{"start":{"line":259,"column":6},"end":{"line":263,"column":7}},{"start":{},"end":{}}],"line":259},"9":{"loc":{"start":{"line":328,"column":4},"end":{"line":333,"column":5}},"type":"if","locations":[{"start":{"line":328,"column":4},"end":{"line":333,"column":5}},{"start":{},"end":{}}],"line":328},"10":{"loc":{"start":{"line":337,"column":4},"end":{"line":342,"column":5}},"type":"if","locations":[{"start":{"line":337,"column":4},"end":{"line":342,"column":5}},{"start":{},"end":{}}],"line":337},"11":{"loc":{"start":{"line":361,"column":29},"end":{"line":361,"column":71}},"type":"binary-expr","locations":[{"start":{"line":361,"column":29},"end":{"line":361,"column":47}},{"start":{"line":361,"column":51},"end":{"line":361,"column":71}}],"line":361},"12":{"loc":{"start":{"line":363,"column":4},"end":{"line":365,"column":5}},"type":"if","locations":[{"start":{"line":363,"column":4},"end":{"line":365,"column":5}},{"start":{},"end":{}}],"line":363},"13":{"loc":{"start":{"line":372,"column":4},"end":{"line":374,"column":5}},"type":"if","locations":[{"start":{"line":372,"column":4},"end":{"line":374,"column":5}},{"start":{},"end":{}}],"line":372},"14":{"loc":{"start":{"line":384,"column":20},"end":{"line":384,"column":102}},"type":"cond-expr","locations":[{"start":{"line":384,"column":38},"end":{"line":384,"column":60}},{"start":{"line":384,"column":63},"end":{"line":384,"column":102}}],"line":384}},"s":{"0":9,"1":9,"2":9,"3":9,"4":9,"5":9,"6":9,"7":0,"8":0,"9":0,"10":0,"11":0,"12":0,"13":0,"14":0,"15":0,"16":0,"17":0,"18":0,"19":0,"20":0,"21":0,"22":0,"23":0,"24":0,"25":0,"26":0,"27":0,"28":0,"29":0,"30":0,"31":9,"32":0,"33":0,"34":0,"35":0,"36":0,"37":0,"38":0,"39":0,"40":0,"41":0,"42":0,"43":0,"44":0,"45":9,"46":0,"47":0,"48":0,"49":0,"50":0,"51":0,"52":0,"53":0,"54":0,"55":0,"56":0,"57":0,"58":0,"59":0,"60":0,"61":0,"62":0,"63":0,"64":0,"65":0,"66":0,"67":0,"68":0,"69":0,"70":0,"71":0,"72":0,"73":0,"74":0,"75":9,"76":0,"77":0,"78":0,"79":0,"80":0,"81":0,"82":0,"83":0,"84":0,"85":0,"86":0,"87":9,"88":0,"89":0,"90":0,"91":0,"92":0,"93":0,"94":0,"95":0,"96":0,"97":0,"98":0,"99":0,"100":9},"f":{"0":0,"1":0,"2":0,"3":0,"4":0,"5":0},"b":{"0":[0,0],"1":[0,0],"2":[0,0],"3":[0,0],"4":[0,0],"5":[0,0],"6":[0,0],"7":[0,0],"8":[0,0],"9":[0,0],"10":[0,0],"11":[0,0],"12":[0,0],"13":[0,0],"14":[0,0]},"_coverageSchema":"1a1c01bbd47fc00a2c39e90264f33305004495a9","hash":"cb96e823392b2dd2a00f3537a149b74860b233fd"}
,"D:\\coding\\WebDev\\Backend_Class\\placemux-backend\\src\\controllers\\consentController.js": {"path":"D:\\coding\\WebDev\\Backend_Class\\placemux-backend\\src\\controllers\\consentController.js","statementMap":{"0":{"start":{"line":1,"column":13},"end":{"line":1,"column":36}},"1":{"start":{"line":2,"column":32},"end":{"line":2,"column":73}},"2":{"start":{"line":4,"column":22},"end":{"line":154,"column":1}},"3":{"start":{"line":5,"column":4},"end":{"line":153,"column":5}},"4":{"start":{"line":6,"column":27},"end":{"line":6,"column":66}},"5":{"start":{"line":8,"column":8},"end":{"line":13,"column":9}},"6":{"start":{"line":9,"column":12},"end":{"line":12,"column":15}},"7":{"start":{"line":15,"column":31},"end":{"line":15,"column":61}},"8":{"start":{"line":23,"column":12},"end":{"line":23,"column":20}},"9":{"start":{"line":25,"column":8},"end":{"line":30,"column":9}},"10":{"start":{"line":26,"column":12},"end":{"line":29,"column":15}},"11":{"start":{"line":32,"column":8},"end":{"line":37,"column":9}},"12":{"start":{"line":33,"column":12},"end":{"line":36,"column":15}},"13":{"start":{"line":39,"column":28},"end":{"line":42,"column":9}},"14":{"start":{"line":44,"column":8},"end":{"line":50,"column":9}},"15":{"start":{"line":45,"column":12},"end":{"line":49,"column":15}},"16":{"start":{"line":52,"column":29},"end":{"line":142,"column":10}},"17":{"start":{"line":53,"column":12},"end":{"line":75,"column":13}},"18":{"start":{"line":54,"column":38},"end":{"line":57,"column":17}},"19":{"start":{"line":59,"column":16},"end":{"line":63,"column":17}},"20":{"start":{"line":60,"column":34},"end":{"line":60,"column":64}},"21":{"start":{"line":61,"column":20},"end":{"line":61,"column":39}},"22":{"start":{"line":62,"column":20},"end":{"line":62,"column":32}},"23":{"start":{"line":65,"column":40},"end":{"line":68,"column":17}},"24":{"start":{"line":70,"column":16},"end":{"line":74,"column":17}},"25":{"start":{"line":71,"column":34},"end":{"line":71,"column":66}},"26":{"start":{"line":72,"column":20},"end":{"line":72,"column":39}},"27":{"start":{"line":73,"column":20},"end":{"line":73,"column":32}},"28":{"start":{"line":77,"column":36},"end":{"line":86,"column":13}},"29":{"start":{"line":88,"column":34},"end":{"line":116,"column":17}},"30":{"start":{"line":118,"column":36},"end":{"line":122,"column":13}},"31":{"start":{"line":124,"column":12},"end":{"line":139,"column":14}},"32":{"start":{"line":141,"column":12},"end":{"line":141,"column":35}},"33":{"start":{"line":144,"column":8},"end":{"line":144,"column":43}},"34":{"start":{"line":146,"column":8},"end":{"line":146,"column":29}},"35":{"start":{"line":147,"column":24},"end":{"line":147,"column":46}},"36":{"start":{"line":149,"column":8},"end":{"line":152,"column":11}},"37":{"start":{"line":156,"column":30},"end":{"line":204,"column":1}},"38":{"start":{"line":157,"column":4},"end":{"line":203,"column":5}},"39":{"start":{"line":158,"column":28},"end":{"line":158,"column":50}},"40":{"start":{"line":159,"column":26},"end":{"line":159,"column":54}},"41":{"start":{"line":161,"column":8},"end":{"line":166,"column":9}},"42":{"start":{"line":162,"column":12},"end":{"line":165,"column":15}},"43":{"start":{"line":168,"column":8},"end":{"line":173,"column":9}},"44":{"start":{"line":169,"column":12},"end":{"line":172,"column":15}},"45":{"start":{"line":175,"column":8},"end":{"line":180,"column":9}},"46":{"start":{"line":176,"column":12},"end":{"line":179,"column":15}},"47":{"start":{"line":182,"column":23},"end":{"line":191,"column":9}},"48":{"start":{"line":193,"column":8},"end":{"line":196,"column":11}},"49":{"start":{"line":198,"column":8},"end":{"line":198,"column":29}},"50":{"start":{"line":199,"column":8},"end":{"line":202,"column":11}},"51":{"start":{"line":206,"column":0},"end":{"line":209,"column":2}}},"fnMap":{"0":{"name":"(anonymous_0)","decl":{"start":{"line":4,"column":22},"end":{"line":4,"column":23}},"loc":{"start":{"line":4,"column":42},"end":{"line":154,"column":1}},"line":4},"1":{"name":"(anonymous_1)","decl":{"start":{"line":52,"column":56},"end":{"line":52,"column":57}},"loc":{"start":{"line":52,"column":74},"end":{"line":142,"column":9}},"line":52},"2":{"name":"(anonymous_2)","decl":{"start":{"line":156,"column":30},"end":{"line":156,"column":31}},"loc":{"start":{"line":156,"column":50},"end":{"line":204,"column":1}},"line":156}},"branchMap":{"0":{"loc":{"start":{"line":8,"column":8},"end":{"line":13,"column":9}},"type":"if","locations":[{"start":{"line":8,"column":8},"end":{"line":13,"column":9}},{"start":{},"end":{}}],"line":8},"1":{"loc":{"start":{"line":25,"column":8},"end":{"line":30,"column":9}},"type":"if","locations":[{"start":{"line":25,"column":8},"end":{"line":30,"column":9}},{"start":{},"end":{}}],"line":25},"2":{"loc":{"start":{"line":32,"column":8},"end":{"line":37,"column":9}},"type":"if","locations":[{"start":{"line":32,"column":8},"end":{"line":37,"column":9}},{"start":{},"end":{}}],"line":32},"3":{"loc":{"start":{"line":32,"column":12},"end":{"line":32,"column":74}},"type":"binary-expr","locations":[{"start":{"line":32,"column":12},"end":{"line":32,"column":37}},{"start":{"line":32,"column":41},"end":{"line":32,"column":74}}],"line":32},"4":{"loc":{"start":{"line":44,"column":8},"end":{"line":50,"column":9}},"type":"if","locations":[{"start":{"line":44,"column":8},"end":{"line":50,"column":9}},{"start":{},"end":{}}],"line":44},"5":{"loc":{"start":{"line":53,"column":12},"end":{"line":75,"column":13}},"type":"if","locations":[{"start":{"line":53,"column":12},"end":{"line":75,"column":13}},{"start":{"line":64,"column":19},"end":{"line":75,"column":13}}],"line":53},"6":{"loc":{"start":{"line":59,"column":16},"end":{"line":63,"column":17}},"type":"if","locations":[{"start":{"line":59,"column":16},"end":{"line":63,"column":17}},{"start":{},"end":{}}],"line":59},"7":{"loc":{"start":{"line":70,"column":16},"end":{"line":74,"column":17}},"type":"if","locations":[{"start":{"line":70,"column":16},"end":{"line":74,"column":17}},{"start":{},"end":{}}],"line":70},"8":{"loc":{"start":{"line":88,"column":34},"end":{"line":116,"column":17}},"type":"cond-expr","locations":[{"start":{"line":89,"column":18},"end":{"line":100,"column":17}},{"start":{"line":101,"column":18},"end":{"line":116,"column":17}}],"line":88},"9":{"loc":{"start":{"line":99,"column":30},"end":{"line":99,"column":47}},"type":"binary-expr","locations":[{"start":{"line":99,"column":30},"end":{"line":99,"column":39}},{"start":{"line":99,"column":43},"end":{"line":99,"column":47}}],"line":99},"10":{"loc":{"start":{"line":99,"column":64},"end":{"line":99,"column":77}},"type":"binary-expr","locations":[{"start":{"line":99,"column":64},"end":{"line":99,"column":71}},{"start":{"line":99,"column":75},"end":{"line":99,"column":77}}],"line":99},"11":{"loc":{"start":{"line":115,"column":67},"end":{"line":115,"column":84}},"type":"binary-expr","locations":[{"start":{"line":115,"column":67},"end":{"line":115,"column":76}},{"start":{"line":115,"column":80},"end":{"line":115,"column":84}}],"line":115},"12":{"loc":{"start":{"line":115,"column":101},"end":{"line":115,"column":114}},"type":"binary-expr","locations":[{"start":{"line":115,"column":101},"end":{"line":115,"column":108}},{"start":{"line":115,"column":112},"end":{"line":115,"column":114}}],"line":115},"13":{"loc":{"start":{"line":161,"column":8},"end":{"line":166,"column":9}},"type":"if","locations":[{"start":{"line":161,"column":8},"end":{"line":166,"column":9}},{"start":{},"end":{}}],"line":161},"14":{"loc":{"start":{"line":161,"column":12},"end":{"line":161,"column":75}},"type":"binary-expr","locations":[{"start":{"line":161,"column":12},"end":{"line":161,"column":24}},{"start":{"line":161,"column":28},"end":{"line":161,"column":75}}],"line":161},"15":{"loc":{"start":{"line":168,"column":8},"end":{"line":173,"column":9}},"type":"if","locations":[{"start":{"line":168,"column":8},"end":{"line":173,"column":9}},{"start":{},"end":{}}],"line":168},"16":{"loc":{"start":{"line":175,"column":8},"end":{"line":180,"column":9}},"type":"if","locations":[{"start":{"line":175,"column":8},"end":{"line":180,"column":9}},{"start":{},"end":{}}],"line":175},"17":{"loc":{"start":{"line":175,"column":12},"end":{"line":175,"column":74}},"type":"binary-expr","locations":[{"start":{"line":175,"column":12},"end":{"line":175,"column":37}},{"start":{"line":175,"column":41},"end":{"line":175,"column":74}}],"line":175}},"s":{"0":9,"1":9,"2":9,"3":1,"4":1,"5":1,"6":0,"7":1,"8":1,"9":1,"10":0,"11":1,"12":0,"13":1,"14":1,"15":0,"16":1,"17":1,"18":1,"19":1,"20":0,"21":0,"22":0,"23":0,"24":0,"25":0,"26":0,"27":0,"28":1,"29":1,"30":1,"31":1,"32":1,"33":1,"34":0,"35":0,"36":0,"37":9,"38":1,"39":1,"40":1,"41":1,"42":0,"43":1,"44":0,"45":1,"46":0,"47":1,"48":1,"49":0,"50":0,"51":9},"f":{"0":1,"1":1,"2":1},"b":{"0":[0,1],"1":[0,1],"2":[0,1],"3":[1,1],"4":[0,1],"5":[1,0],"6":[0,1],"7":[0,0],"8":[1,0],"9":[1,1],"10":[1,0],"11":[0,0],"12":[0,0],"13":[0,1],"14":[1,1],"15":[0,1],"16":[0,1],"17":[1,1]},"_coverageSchema":"1a1c01bbd47fc00a2c39e90264f33305004495a9","hash":"50b3472714d2df3bdcbe3bc594df0712b3c44848"}
,"D:\\coding\\WebDev\\Backend_Class\\placemux-backend\\src\\controllers\\incidentController.js": {"path":"D:\\coding\\WebDev\\Backend_Class\\placemux-backend\\src\\controllers\\incidentController.js","statementMap":{"0":{"start":{"line":1,"column":13},"end":{"line":1,"column":36}},"1":{"start":{"line":2,"column":33},"end":{"line":2,"column":75}},"2":{"start":{"line":4,"column":23},"end":{"line":38,"column":1}},"3":{"start":{"line":5,"column":4},"end":{"line":37,"column":5}},"4":{"start":{"line":6,"column":27},"end":{"line":6,"column":67}},"5":{"start":{"line":8,"column":8},"end":{"line":13,"column":9}},"6":{"start":{"line":9,"column":12},"end":{"line":12,"column":15}},"7":{"start":{"line":15,"column":83},"end":{"line":15,"column":98}},"8":{"start":{"line":17,"column":23},"end":{"line":25,"column":9}},"9":{"start":{"line":27,"column":8},"end":{"line":30,"column":11}},"10":{"start":{"line":32,"column":8},"end":{"line":32,"column":29}},"11":{"start":{"line":33,"column":8},"end":{"line":36,"column":11}},"12":{"start":{"line":40,"column":22},"end":{"line":61,"column":1}},"13":{"start":{"line":41,"column":4},"end":{"line":60,"column":5}},"14":{"start":{"line":42,"column":23},"end":{"line":48,"column":9}},"15":{"start":{"line":50,"column":8},"end":{"line":53,"column":11}},"16":{"start":{"line":55,"column":8},"end":{"line":55,"column":29}},"17":{"start":{"line":56,"column":8},"end":{"line":59,"column":11}},"18":{"start":{"line":63,"column":0},"end":{"line":66,"column":2}}},"fnMap":{"0":{"name":"(anonymous_0)","decl":{"start":{"line":4,"column":23},"end":{"line":4,"column":24}},"loc":{"start":{"line":4,"column":43},"end":{"line":38,"column":1}},"line":4},"1":{"name":"(anonymous_1)","decl":{"start":{"line":40,"column":22},"end":{"line":40,"column":23}},"loc":{"start":{"line":40,"column":42},"end":{"line":61,"column":1}},"line":40}},"branchMap":{"0":{"loc":{"start":{"line":8,"column":8},"end":{"line":13,"column":9}},"type":"if","locations":[{"start":{"line":8,"column":8},"end":{"line":13,"column":9}},{"start":{},"end":{}}],"line":8},"1":{"loc":{"start":{"line":15,"column":33},"end":{"line":15,"column":48}},"type":"default-arg","locations":[{"start":{"line":15,"column":42},"end":{"line":15,"column":48}}],"line":15},"2":{"loc":{"start":{"line":15,"column":50},"end":{"line":15,"column":62}},"type":"default-arg","locations":[{"start":{"line":15,"column":58},"end":{"line":15,"column":62}}],"line":15},"3":{"loc":{"start":{"line":15,"column":64},"end":{"line":15,"column":78}},"type":"default-arg","locations":[{"start":{"line":15,"column":74},"end":{"line":15,"column":78}}],"line":15}},"s":{"0":9,"1":9,"2":9,"3":1,"4":1,"5":1,"6":0,"7":1,"8":1,"9":1,"10":0,"11":0,"12":9,"13":1,"14":1,"15":1,"16":0,"17":0,"18":9},"f":{"0":1,"1":1},"b":{"0":[0,1],"1":[0],"2":[0],"3":[0]},"_coverageSchema":"1a1c01bbd47fc00a2c39e90264f33305004495a9","hash":"960b21b03f97215a83460c0507bc5a3de6aefc93"}
,"D:\\coding\\WebDev\\Backend_Class\\placemux-backend\\src\\controllers\\jobController.js": {"path":"D:\\coding\\WebDev\\Backend_Class\\placemux-backend\\src\\controllers\\jobController.js","statementMap":{"0":{"start":{"line":1,"column":13},"end":{"line":1,"column":36}},"1":{"start":{"line":2,"column":37},"end":{"line":2,"column":76}},"2":{"start":{"line":6,"column":4},"end":{"line":6,"column":41}},"3":{"start":{"line":8,"column":18},"end":{"line":114,"column":1}},"4":{"start":{"line":9,"column":2},"end":{"line":113,"column":3}},"5":{"start":{"line":11,"column":22},"end":{"line":11,"column":41}},"6":{"start":{"line":13,"column":4},"end":{"line":18,"column":5}},"7":{"start":{"line":14,"column":6},"end":{"line":17,"column":9}},"8":{"start":{"line":22,"column":6},"end":{"line":22,"column":41}},"9":{"start":{"line":24,"column":4},"end":{"line":29,"column":5}},"10":{"start":{"line":25,"column":6},"end":{"line":28,"column":9}},"11":{"start":{"line":38,"column":8},"end":{"line":38,"column":16}},"12":{"start":{"line":40,"column":20},"end":{"line":43,"column":5}},"13":{"start":{"line":45,"column":4},"end":{"line":50,"column":5}},"14":{"start":{"line":46,"column":6},"end":{"line":49,"column":9}},"15":{"start":{"line":53,"column":16},"end":{"line":95,"column":6}},"16":{"start":{"line":54,"column":21},"end":{"line":78,"column":7}},"17":{"start":{"line":80,"column":25},"end":{"line":80,"column":39}},"18":{"start":{"line":82,"column":8},"end":{"line":82,"column":58}},"19":{"start":{"line":84,"column":6},"end":{"line":91,"column":8}},"20":{"start":{"line":93,"column":6},"end":{"line":93,"column":50}},"21":{"start":{"line":94,"column":6},"end":{"line":94,"column":24}},"22":{"start":{"line":97,"column":4},"end":{"line":97,"column":31}},"23":{"start":{"line":99,"column":4},"end":{"line":103,"column":7}},"24":{"start":{"line":106,"column":4},"end":{"line":106,"column":25}},"25":{"start":{"line":107,"column":20},"end":{"line":107,"column":42}},"26":{"start":{"line":109,"column":4},"end":{"line":112,"column":7}},"27":{"start":{"line":116,"column":0},"end":{"line":118,"column":2}}},"fnMap":{"0":{"name":"(anonymous_0)","decl":{"start":{"line":8,"column":18},"end":{"line":8,"column":19}},"loc":{"start":{"line":8,"column":38},"end":{"line":114,"column":1}},"line":8},"1":{"name":"(anonymous_1)","decl":{"start":{"line":53,"column":43},"end":{"line":53,"column":44}},"loc":{"start":{"line":53,"column":61},"end":{"line":95,"column":5}},"line":53}},"branchMap":{"0":{"loc":{"start":{"line":13,"column":4},"end":{"line":18,"column":5}},"type":"if","locations":[{"start":{"line":13,"column":4},"end":{"line":18,"column":5}},{"start":{},"end":{}}],"line":13},"1":{"loc":{"start":{"line":24,"column":4},"end":{"line":29,"column":5}},"type":"if","locations":[{"start":{"line":24,"column":4},"end":{"line":29,"column":5}},{"start":{},"end":{}}],"line":24},"2":{"loc":{"start":{"line":45,"column":4},"end":{"line":50,"column":5}},"type":"if","locations":[{"start":{"line":45,"column":4},"end":{"line":50,"column":5}},{"start":{},"end":{}}],"line":45}},"s":{"0":9,"1":9,"2":9,"3":9,"4":1,"5":1,"6":1,"7":0,"8":1,"9":1,"10":0,"11":1,"12":1,"13":1,"14":0,"15":1,"16":1,"17":1,"18":1,"19":1,"20":1,"21":1,"22":1,"23":1,"24":0,"25":0,"26":0,"27":9},"f":{"0":1,"1":1},"b":{"0":[0,1],"1":[0,1],"2":[0,1]},"_coverageSchema":"1a1c01bbd47fc00a2c39e90264f33305004495a9","hash":"00c50fff3d2f34eef2d4b25b73158f4550f0bbd5"}
,"D:\\coding\\WebDev\\Backend_Class\\placemux-backend\\src\\controllers\\paymentController.js": {"path":"D:\\coding\\WebDev\\Backend_Class\\placemux-backend\\src\\controllers\\paymentController.js","statementMap":{"0":{"start":{"line":1,"column":13},"end":{"line":1,"column":36}},"1":{"start":{"line":2,"column":34},"end":{"line":2,"column":75}},"2":{"start":{"line":3,"column":56},"end":{"line":3,"column":93}},"3":{"start":{"line":5,"column":16},"end":{"line":5,"column":53}},"4":{"start":{"line":7,"column":32},"end":{"line":7,"column":33}},"5":{"start":{"line":8,"column":32},"end":{"line":8,"column":80}},"6":{"start":{"line":10,"column":24},"end":{"line":133,"column":1}},"7":{"start":{"line":11,"column":4},"end":{"line":132,"column":5}},"8":{"start":{"line":12,"column":27},"end":{"line":12,"column":68}},"9":{"start":{"line":14,"column":8},"end":{"line":19,"column":9}},"10":{"start":{"line":15,"column":12},"end":{"line":18,"column":15}},"11":{"start":{"line":21,"column":31},"end":{"line":21,"column":61}},"12":{"start":{"line":23,"column":8},"end":{"line":28,"column":9}},"13":{"start":{"line":24,"column":12},"end":{"line":27,"column":15}},"14":{"start":{"line":30,"column":28},"end":{"line":33,"column":9}},"15":{"start":{"line":35,"column":8},"end":{"line":41,"column":9}},"16":{"start":{"line":36,"column":12},"end":{"line":40,"column":15}},"17":{"start":{"line":50,"column":12},"end":{"line":50,"column":27}},"18":{"start":{"line":52,"column":8},"end":{"line":56,"column":9}},"19":{"start":{"line":53,"column":12},"end":{"line":53,"column":63}},"20":{"start":{"line":54,"column":12},"end":{"line":54,"column":46}},"21":{"start":{"line":55,"column":12},"end":{"line":55,"column":124}},"22":{"start":{"line":58,"column":8},"end":{"line":58,"column":39}},"23":{"start":{"line":59,"column":8},"end":{"line":123,"column":9}},"24":{"start":{"line":60,"column":33},"end":{"line":118,"column":14}},"25":{"start":{"line":61,"column":38},"end":{"line":69,"column":17}},"26":{"start":{"line":71,"column":32},"end":{"line":71,"column":53}},"27":{"start":{"line":72,"column":32},"end":{"line":77,"column":18}},"28":{"start":{"line":78,"column":16},"end":{"line":87,"column":18}},"29":{"start":{"line":90,"column":16},"end":{"line":97,"column":18}},"30":{"start":{"line":99,"column":40},"end":{"line":106,"column":17}},"31":{"start":{"line":108,"column":16},"end":{"line":115,"column":18}},"32":{"start":{"line":117,"column":16},"end":{"line":117,"column":39}},"33":{"start":{"line":120,"column":12},"end":{"line":120,"column":47}},"34":{"start":{"line":122,"column":12},"end":{"line":122,"column":83}},"35":{"start":{"line":125,"column":8},"end":{"line":125,"column":29}},"36":{"start":{"line":126,"column":24},"end":{"line":126,"column":46}},"37":{"start":{"line":128,"column":8},"end":{"line":131,"column":11}},"38":{"start":{"line":135,"column":22},"end":{"line":201,"column":1}},"39":{"start":{"line":136,"column":4},"end":{"line":200,"column":5}},"40":{"start":{"line":137,"column":26},"end":{"line":137,"column":60}},"41":{"start":{"line":138,"column":23},"end":{"line":138,"column":57}},"42":{"start":{"line":140,"column":8},"end":{"line":145,"column":9}},"43":{"start":{"line":141,"column":12},"end":{"line":144,"column":15}},"44":{"start":{"line":147,"column":87},"end":{"line":147,"column":95}},"45":{"start":{"line":149,"column":23},"end":{"line":156,"column":9}},"46":{"start":{"line":158,"column":8},"end":{"line":163,"column":9}},"47":{"start":{"line":159,"column":12},"end":{"line":162,"column":15}},"48":{"start":{"line":165,"column":24},"end":{"line":165,"column":38}},"49":{"start":{"line":167,"column":8},"end":{"line":188,"column":11}},"50":{"start":{"line":168,"column":12},"end":{"line":178,"column":14}},"51":{"start":{"line":180,"column":12},"end":{"line":187,"column":14}},"52":{"start":{"line":190,"column":8},"end":{"line":193,"column":11}},"53":{"start":{"line":195,"column":8},"end":{"line":195,"column":29}},"54":{"start":{"line":196,"column":8},"end":{"line":199,"column":11}},"55":{"start":{"line":203,"column":33},"end":{"line":233,"column":1}},"56":{"start":{"line":204,"column":4},"end":{"line":232,"column":5}},"57":{"start":{"line":205,"column":23},"end":{"line":220,"column":9}},"58":{"start":{"line":222,"column":8},"end":{"line":225,"column":11}},"59":{"start":{"line":227,"column":8},"end":{"line":227,"column":29}},"60":{"start":{"line":228,"column":8},"end":{"line":231,"column":11}},"61":{"start":{"line":235,"column":0},"end":{"line":239,"column":2}}},"fnMap":{"0":{"name":"(anonymous_0)","decl":{"start":{"line":10,"column":24},"end":{"line":10,"column":25}},"loc":{"start":{"line":10,"column":44},"end":{"line":133,"column":1}},"line":10},"1":{"name":"(anonymous_1)","decl":{"start":{"line":60,"column":60},"end":{"line":60,"column":61}},"loc":{"start":{"line":60,"column":78},"end":{"line":118,"column":13}},"line":60},"2":{"name":"(anonymous_2)","decl":{"start":{"line":135,"column":22},"end":{"line":135,"column":23}},"loc":{"start":{"line":135,"column":42},"end":{"line":201,"column":1}},"line":135},"3":{"name":"(anonymous_3)","decl":{"start":{"line":167,"column":35},"end":{"line":167,"column":36}},"loc":{"start":{"line":167,"column":53},"end":{"line":188,"column":9}},"line":167},"4":{"name":"(anonymous_4)","decl":{"start":{"line":203,"column":33},"end":{"line":203,"column":34}},"loc":{"start":{"line":203,"column":53},"end":{"line":233,"column":1}},"line":203}},"branchMap":{"0":{"loc":{"start":{"line":8,"column":39},"end":{"line":8,"column":79}},"type":"binary-expr","locations":[{"start":{"line":8,"column":39},"end":{"line":8,"column":74}},{"start":{"line":8,"column":78},"end":{"line":8,"column":79}}],"line":8},"1":{"loc":{"start":{"line":14,"column":8},"end":{"line":19,"column":9}},"type":"if","locations":[{"start":{"line":14,"column":8},"end":{"line":19,"column":9}},{"start":{},"end":{}}],"line":14},"2":{"loc":{"start":{"line":23,"column":8},"end":{"line":28,"column":9}},"type":"if","locations":[{"start":{"line":23,"column":8},"end":{"line":28,"column":9}},{"start":{},"end":{}}],"line":23},"3":{"loc":{"start":{"line":35,"column":8},"end":{"line":41,"column":9}},"type":"if","locations":[{"start":{"line":35,"column":8},"end":{"line":41,"column":9}},{"start":{},"end":{}}],"line":35},"4":{"loc":{"start":{"line":52,"column":8},"end":{"line":56,"column":9}},"type":"if","locations":[{"start":{"line":52,"column":8},"end":{"line":56,"column":9}},{"start":{},"end":{}}],"line":52},"5":{"loc":{"start":{"line":68,"column":52},"end":{"line":68,"column":71}},"type":"binary-expr","locations":[{"start":{"line":68,"column":52},"end":{"line":68,"column":63}},{"start":{"line":68,"column":67},"end":{"line":68,"column":71}}],"line":68},"6":{"loc":{"start":{"line":68,"column":73},"end":{"line":68,"column":92}},"type":"binary-expr","locations":[{"start":{"line":68,"column":73},"end":{"line":68,"column":84}},{"start":{"line":68,"column":88},"end":{"line":68,"column":92}}],"line":68},"7":{"loc":{"start":{"line":68,"column":109},"end":{"line":68,"column":123}},"type":"binary-expr","locations":[{"start":{"line":68,"column":109},"end":{"line":68,"column":117}},{"start":{"line":68,"column":121},"end":{"line":68,"column":123}}],"line":68},"8":{"loc":{"start":{"line":140,"column":8},"end":{"line":145,"column":9}},"type":"if","locations":[{"start":{"line":140,"column":8},"end":{"line":145,"column":9}},{"start":{},"end":{}}],"line":140},"9":{"loc":{"start":{"line":158,"column":8},"end":{"line":163,"column":9}},"type":"if","locations":[{"start":{"line":158,"column":8},"end":{"line":163,"column":9}},{"start":{},"end":{}}],"line":158},"10":{"loc":{"start":{"line":177,"column":43},"end":{"line":177,"column":85}},"type":"cond-expr","locations":[{"start":{"line":177,"column":63},"end":{"line":177,"column":74}},{"start":{"line":177,"column":77},"end":{"line":177,"column":85}}],"line":177}},"s":{"0":9,"1":9,"2":9,"3":9,"4":9,"5":9,"6":9,"7":10,"8":10,"9":10,"10":0,"11":10,"12":10,"13":0,"14":10,"15":10,"16":8,"17":2,"18":2,"19":0,"20":0,"21":0,"22":2,"23":2,"24":2,"25":2,"26":2,"27":2,"28":2,"29":2,"30":2,"31":2,"32":2,"33":2,"34":2,"35":0,"36":0,"37":0,"38":9,"39":0,"40":0,"41":0,"42":0,"43":0,"44":0,"45":0,"46":0,"47":0,"48":0,"49":0,"50":0,"51":0,"52":0,"53":0,"54":0,"55":9,"56":0,"57":0,"58":0,"59":0,"60":0,"61":9},"f":{"0":10,"1":2,"2":0,"3":0,"4":0},"b":{"0":[9,9],"1":[0,10],"2":[0,10],"3":[8,2],"4":[0,2],"5":[2,2],"6":[2,2],"7":[2,2],"8":[0,0],"9":[0,0],"10":[0,0]},"_coverageSchema":"1a1c01bbd47fc00a2c39e90264f33305004495a9","hash":"c394f46911078c32871f27846b7e69ee62992cf9"}
,"D:\\coding\\WebDev\\Backend_Class\\placemux-backend\\src\\controllers\\portalController.js": {"path":"D:\\coding\\WebDev\\Backend_Class\\placemux-backend\\src\\controllers\\portalController.js","statementMap":{"0":{"start":{"line":1,"column":13},"end":{"line":1,"column":36}},"1":{"start":{"line":6,"column":4},"end":{"line":6,"column":44}},"2":{"start":{"line":8,"column":27},"end":{"line":121,"column":1}},"3":{"start":{"line":9,"column":4},"end":{"line":120,"column":5}},"4":{"start":{"line":10,"column":27},"end":{"line":10,"column":64}},"5":{"start":{"line":12,"column":8},"end":{"line":17,"column":9}},"6":{"start":{"line":13,"column":12},"end":{"line":16,"column":15}},"7":{"start":{"line":19,"column":31},"end":{"line":19,"column":61}},"8":{"start":{"line":21,"column":8},"end":{"line":26,"column":9}},"9":{"start":{"line":22,"column":12},"end":{"line":25,"column":15}},"10":{"start":{"line":28,"column":28},"end":{"line":31,"column":9}},"11":{"start":{"line":33,"column":8},"end":{"line":39,"column":9}},"12":{"start":{"line":34,"column":12},"end":{"line":38,"column":15}},"13":{"start":{"line":41,"column":26},"end":{"line":41,"column":45}},"14":{"start":{"line":42,"column":54},"end":{"line":42,"column":62}},"15":{"start":{"line":44,"column":29},"end":{"line":109,"column":10}},"16":{"start":{"line":45,"column":34},"end":{"line":48,"column":13}},"17":{"start":{"line":50,"column":12},"end":{"line":54,"column":13}},"18":{"start":{"line":51,"column":30},"end":{"line":51,"column":60}},"19":{"start":{"line":52,"column":16},"end":{"line":52,"column":35}},"20":{"start":{"line":53,"column":16},"end":{"line":53,"column":28}},"21":{"start":{"line":56,"column":12},"end":{"line":67,"column":13}},"22":{"start":{"line":57,"column":40},"end":{"line":60,"column":17}},"23":{"start":{"line":62,"column":16},"end":{"line":66,"column":17}},"24":{"start":{"line":63,"column":34},"end":{"line":63,"column":66}},"25":{"start":{"line":64,"column":20},"end":{"line":64,"column":39}},"26":{"start":{"line":65,"column":20},"end":{"line":65,"column":32}},"27":{"start":{"line":69,"column":27},"end":{"line":83,"column":13}},"28":{"start":{"line":85,"column":36},"end":{"line":89,"column":13}},"29":{"start":{"line":91,"column":12},"end":{"line":106,"column":14}},"30":{"start":{"line":108,"column":12},"end":{"line":108,"column":35}},"31":{"start":{"line":111,"column":8},"end":{"line":111,"column":43}},"32":{"start":{"line":113,"column":8},"end":{"line":113,"column":29}},"33":{"start":{"line":114,"column":24},"end":{"line":114,"column":46}},"34":{"start":{"line":116,"column":8},"end":{"line":119,"column":11}},"35":{"start":{"line":123,"column":30},"end":{"line":218,"column":1}},"36":{"start":{"line":124,"column":4},"end":{"line":217,"column":5}},"37":{"start":{"line":125,"column":27},"end":{"line":125,"column":67}},"38":{"start":{"line":127,"column":8},"end":{"line":132,"column":9}},"39":{"start":{"line":128,"column":12},"end":{"line":131,"column":15}},"40":{"start":{"line":134,"column":31},"end":{"line":134,"column":61}},"41":{"start":{"line":135,"column":47},"end":{"line":135,"column":55}},"42":{"start":{"line":136,"column":26},"end":{"line":136,"column":45}},"43":{"start":{"line":138,"column":8},"end":{"line":143,"column":9}},"44":{"start":{"line":139,"column":12},"end":{"line":142,"column":15}},"45":{"start":{"line":145,"column":28},"end":{"line":148,"column":9}},"46":{"start":{"line":150,"column":8},"end":{"line":156,"column":9}},"47":{"start":{"line":151,"column":12},"end":{"line":155,"column":15}},"48":{"start":{"line":158,"column":29},"end":{"line":206,"column":10}},"49":{"start":{"line":159,"column":33},"end":{"line":162,"column":13}},"50":{"start":{"line":164,"column":12},"end":{"line":168,"column":13}},"51":{"start":{"line":165,"column":30},"end":{"line":165,"column":67}},"52":{"start":{"line":166,"column":16},"end":{"line":166,"column":35}},"53":{"start":{"line":167,"column":16},"end":{"line":167,"column":28}},"54":{"start":{"line":170,"column":27},"end":{"line":180,"column":13}},"55":{"start":{"line":182,"column":36},"end":{"line":186,"column":13}},"56":{"start":{"line":188,"column":12},"end":{"line":203,"column":14}},"57":{"start":{"line":205,"column":12},"end":{"line":205,"column":35}},"58":{"start":{"line":208,"column":8},"end":{"line":208,"column":43}},"59":{"start":{"line":210,"column":8},"end":{"line":210,"column":29}},"60":{"start":{"line":211,"column":24},"end":{"line":211,"column":46}},"61":{"start":{"line":213,"column":8},"end":{"line":216,"column":11}},"62":{"start":{"line":220,"column":25},"end":{"line":255,"column":1}},"63":{"start":{"line":221,"column":4},"end":{"line":254,"column":5}},"64":{"start":{"line":222,"column":25},"end":{"line":222,"column":52}},"65":{"start":{"line":223,"column":26},"end":{"line":223,"column":45}},"66":{"start":{"line":225,"column":8},"end":{"line":230,"column":9}},"67":{"start":{"line":226,"column":12},"end":{"line":229,"column":15}},"68":{"start":{"line":232,"column":23},"end":{"line":235,"column":9}},"69":{"start":{"line":237,"column":8},"end":{"line":242,"column":9}},"70":{"start":{"line":238,"column":12},"end":{"line":241,"column":15}},"71":{"start":{"line":244,"column":8},"end":{"line":247,"column":11}},"72":{"start":{"line":249,"column":8},"end":{"line":249,"column":29}},"73":{"start":{"line":250,"column":8},"end":{"line":253,"column":11}},"74":{"start":{"line":257,"column":28},"end":{"line":312,"column":1}},"7
[...]
:[{"start":{"line":34,"column":6},"end":{"line":38,"column":7}},{"start":{"line":36,"column":13},"end":{"line":38,"column":7}}],"line":34},"4":{"loc":{"start":{"line":45,"column":6},"end":{"line":47,"column":7}},"type":"if","locations":[{"start":{"line":45,"column":6},"end":{"line":47,"column":7}},{"start":{},"end":{}}],"line":45},"5":{"loc":{"start":{"line":52,"column":4},"end":{"line":54,"column":5}},"type":"if","locations":[{"start":{"line":52,"column":4},"end":{"line":54,"column":5}},{"start":{},"end":{}}],"line":52},"6":{"loc":{"start":{"line":52,"column":8},"end":{"line":52,"column":63}},"type":"binary-expr","locations":[{"start":{"line":52,"column":8},"end":{"line":52,"column":30}},{"start":{"line":52,"column":34},"end":{"line":52,"column":63}}],"line":52},"7":{"loc":{"start":{"line":58,"column":4},"end":{"line":60,"column":5}},"type":"if","locations":[{"start":{"line":58,"column":4},"end":{"line":60,"column":5}},{"start":{},"end":{}}],"line":58},"8":{"loc":{"start":{"line":58,"column":8},"end":{"line":58,"column":24}},"type":"binary-expr","locations":[{"start":{"line":58,"column":8},"end":{"line":58,"column":15}},{"start":{"line":58,"column":19},"end":{"line":58,"column":24}}],"line":58},"9":{"loc":{"start":{"line":92,"column":26},"end":{"line":92,"column":38}},"type":"default-arg","locations":[{"start":{"line":92,"column":36},"end":{"line":92,"column":38}}],"line":92}},"s":{"0":12,"1":12,"2":3,"3":3,"4":3,"5":3,"6":3,"7":3,"8":3,"9":3,"10":5,"11":5,"12":5,"13":5,"14":5,"15":3,"16":3,"17":3,"18":0,"19":3,"20":3,"21":3,"22":0,"23":3,"24":3,"25":5,"26":0,"27":0,"28":0,"29":0,"30":6,"31":3,"32":3,"33":3,"34":3,"35":0,"36":3,"37":3,"38":3,"39":3,"40":3,"41":3,"42":3,"43":1,"44":1,"45":1,"46":1,"47":1,"48":1,"49":1,"50":12,"51":3,"52":12},"f":{"0":3,"1":3,"2":5,"3":3,"4":0,"5":6,"6":3,"7":3,"8":1,"9":1,"10":3},"b":{"0":[0],"1":[0],"2":[0,3],"3":[0,3],"4":[0,0],"5":[3,3],"6":[6,3],"7":[0,3],"8":[3,3],"9":[0]},"_coverageSchema":"1a1c01bbd47fc00a2c39e90264f33305004495a9","hash":"fe77958ab85a911a2559ea91d083c56fe5439cd8"}
,"D:\\coding\\WebDev\\Backend_Class\\placemux-backend\\src\\socket\\socketManager.js": {"path":"D:\\coding\\WebDev\\Backend_Class\\placemux-backend\\src\\socket\\socketManager.js","statementMap":{"0":{"start":{"line":1,"column":19},"end":{"line":1,"column":39}},"1":{"start":{"line":2,"column":37},"end":{"line":2,"column":78}},"2":{"start":{"line":7,"column":25},"end":{"line":87,"column":1}},"3":{"start":{"line":8,"column":2},"end":{"line":10,"column":3}},"4":{"start":{"line":9,"column":4},"end":{"line":9,"column":14}},"5":{"start":{"line":12,"column":2},"end":{"line":12,"column":42}},"6":{"start":{"line":14,"column":2},"end":{"line":24,"column":5}},"7":{"start":{"line":16,"column":105},"end":{"line":16,"column":118}},"8":{"start":{"line":26,"column":2},"end":{"line":39,"column":5}},"9":{"start":{"line":27,"column":23},"end":{"line":27,"column":94}},"10":{"start":{"line":28,"column":21},"end":{"line":28,"column":65}},"11":{"start":{"line":30,"column":4},"end":{"line":34,"column":5}},"12":{"start":{"line":31,"column":20},"end":{"line":31,"column":62}},"13":{"start":{"line":32,"column":6},"end":{"line":32,"column":35}},"14":{"start":{"line":33,"column":6},"end":{"line":33,"column":25}},"15":{"start":{"line":36,"column":4},"end":{"line":36,"column":36}},"16":{"start":{"line":37,"column":4},"end":{"line":37,"column":37}},"17":{"start":{"line":38,"column":4},"end":{"line":38,"column":11}},"18":{"start":{"line":41,"column":2},"end":{"line":84,"column":5}},"19":{"start":{"line":42,"column":21},"end":{"line":42,"column":54}},"20":{"start":{"line":44,"column":4},"end":{"line":44,"column":38}},"21":{"start":{"line":46,"column":4},"end":{"line":51,"column":7}},"22":{"start":{"line":53,"column":4},"end":{"line":62,"column":7}},"23":{"start":{"line":54,"column":6},"end":{"line":61,"column":7}},"24":{"start":{"line":55,"column":8},"end":{"line":55,"column":26}},"25":{"start":{"line":56,"column":23},"end":{"line":56,"column":49}},"26":{"start":{"line":57,"column":8},"end":{"line":59,"column":9}},"27":{"start":{"line":58,"column":10},"end":{"line":58,"column":58}},"28":{"start":{"line":60,"column":8},"end":{"line":60,"column":45}},"29":{"start":{"line":64,"column":4},"end":{"line":69,"column":7}},"30":{"start":{"line":65,"column":6},"end":{"line":68,"column":7}},"31":{"start":{"line":66,"column":8},"end":{"line":66,"column":27}},"32":{"start":{"line":67,"column":8},"end":{"line":67,"column":43}},"33":{"start":{"line":71,"column":4},"end":{"line":73,"column":7}},"34":{"start":{"line":72,"column":6},"end":{"line":72,"column":51}},"35":{"start":{"line":75,"column":4},"end":{"line":78,"column":7}},"36":{"start":{"line":76,"column":21},"end":{"line":76,"column":54}},"37":{"start":{"line":77,"column":6},"end":{"line":77,"column":54}},"38":{"start":{"line":80,"column":4},"end":{"line":83,"column":7}},"39":{"start":{"line":81,"column":6},"end":{"line":81,"column":24}},"40":{"start":{"line":82,"column":6},"end":{"line":82,"column":67}},"41":{"start":{"line":86,"column":2},"end":{"line":86,"column":12}},"42":{"start":{"line":89,"column":14},"end":{"line":95,"column":1}},"43":{"start":{"line":90,"column":2},"end":{"line":92,"column":3}},"44":{"start":{"line":91,"column":4},"end":{"line":91,"column":58}},"45":{"start":{"line":94,"column":2},"end":{"line":94,"column":12}},"46":{"start":{"line":97,"column":30},"end":{"line":107,"column":1}},"47":{"start":{"line":98,"column":23},"end":{"line":98,"column":30}},"48":{"start":{"line":99,"column":15},"end":{"line":99,"column":43}},"49":{"start":{"line":100,"column":16},"end":{"line":104,"column":3}},"50":{"start":{"line":105,"column":2},"end":{"line":105,"column":35}},"51":{"start":{"line":106,"column":2},"end":{"line":106,"column":60}},"52":{"start":{"line":109,"column":26},"end":{"line":119,"column":1}},"53":{"start":{"line":110,"column":23},"end":{"line":110,"column":30}},"54":{"start":{"line":111,"column":15},"end":{"line":111,"column":37}},"55":{"start":{"line":112,"column":16},"end":{"line":116,"column":3}},"56":{"start":{"line":117,"column":2},"end":{"line":117,"column":35}},"57":{"start":{"line":118,"column":2},"end":{"line":118,"column":56}},"58":{"start":{"line":121,"column":26},"end":{"line":130,"column":1}},"59":{"start":{"line":122,"column":23},"end":{"line":122,"column":30}},"60":{"start":{"line":123,"column":16},"end":{"line":127,"column":3}},"61":{"start":{"line":128,"column":2},"end":{"line":128,"column":35}},"62":{"start":{"line":129,"column":2},"end":{"line":129,"column":44}},"63":{"start":{"line":132,"column":22},"end":{"line":132,"column":38}},"64":{"start":{"line":132,"column":28},"end":{"line":132,"column":38}},"65":{"start":{"line":134,"column":0},"end":{"line":141,"column":2}}},"fnMap":{"0":{"name":"(anonymous_0)","decl":{"start":{"line":7,"column":25},"end":{"line":7,"column":26}},"loc":{"start":{"line":7,"column":37},"end":{"line":87,"column":1}},"line":7},"1":{"name":"(anonymous_1)","decl":{"start":{"line":16,"column":93},"end":{"line":16,"column":94}},"loc":{"start":{"line":16,"column":105},"end":{"line":16,"column":118}},"line":16},"2":{"name":"(anonymous_2)","decl":{"start":{"line":26,"column":9},"end":{"line":26,"column":10}},"loc":{"start":{"line":26,"column":27},"end":{"line":39,"column":3}},"line":26},"3":{"name":"(anonymous_3)","decl":{"start":{"line":41,"column":22},"end":{"line":41,"column":23}},"loc":{"start":{"line":41,"column":34},"end":{"line":84,"column":3}},"line":41},"4":{"name":"(anonymous_4)","decl":{"start":{"line":53,"column":27},"end":{"line":53,"column":28}},"loc":{"start":{"line":53,"column":37},"end":{"line":62,"column":5}},"line":53},"5":{"name":"(anonymous_5)","decl":{"start":{"line":64,"column":28},"end":{"line":64,"column":29}},"loc":{"start":{"line":64,"column":38},"end":{"line":69,"column":5}},"line":64},"6":{"name":"(anonymous_6)","decl":{"start":{"line":71,"column":22},"end":{"line":71,"column":23}},"loc":{"start":{"line":71,"column":28},"end":{"line":73,"column":5}},"line":71},"7":{"name":"(anonymous_7)","decl":{"start":{"line":75,"column":34},"end":{"line":75,"column":35}},"loc":{"start":{"line":75,"column":59},"end":{"line":78,"column":5}},"line":75},"8":{"name":"(anonymous_8)","decl":{"start":{"line":80,"column":28},"end":{"line":80,"column":29}},"loc":{"start":{"line":80,"column":40},"end":{"line":83,"column":5}},"line":80},"9":{"name":"(anonymous_9)","decl":{"start":{"line":89,"column":14},"end":{"line":89,"column":15}},"loc":{"start":{"line":89,"column":20},"end":{"line":95,"column":1}},"line":89},"10":{"name":"(anonymous_10)","decl":{"start":{"line":97,"column":30},"end":{"line":97,"column":31}},"loc":{"start":{"line":97,"column":43},"end":{"line":107,"column":1}},"line":97},"11":{"name":"(anonymous_11)","decl":{"start":{"line":109,"column":26},"end":{"line":109,"column":27}},"loc":{"start":{"line":109,"column":50},"end":{"line":119,"column":1}},"line":109},"12":{"name":"(anonymous_12)","decl":{"start":{"line":121,"column":26},"end":{"line":121,"column":27}},"loc":{"start":{"line":121,"column":61},"end":{"line":130,"column":1}},"line":121},"13":{"name":"(anonymous_13)","decl":{"start":{"line":132,"column":22},"end":{"line":132,"column":23}},"loc":{"start":{"line":132,"column":28},"end":{"line":132,"column":38}},"line":132}},"branchMap":{"0":{"loc":{"start":{"line":8,"column":2},"end":{"line":10,"column":3}},"type":"if","locations":[{"start":{"line":8,"column":2},"end":{"line":10,"column":3}},{"start":{},"end":{}}],"line":8},"1":{"loc":{"start":{"line":16,"column":15},"end":{"line":16,"column":76}},"type":"binary-expr","locations":[{"start":{"line":16,"column":15},"end":{"line":16,"column":47}},{"start":{"line":16,"column":51},"end":{"line":16,"column":76}}],"line":16},"2":{"loc":{"start":{"line":21,"column":24},"end":{"line":21,"column":67}},"type":"binary-expr","locations":[{"start":{"line":21,"column":24},"end":{"line":21,"column":58}},{"start":{"line":21,"column":62},"end":{"line":21,"column":67}}],"line":21},"3":{"loc":{"start":{"line":22,"column":25},"end":{"line":22,"column":69}},"type":"binary-expr","locations":[{"start":{"line":22,"column":25},"end":{"line":22,"column":60}},{"start":{"line":22,"column":64},"end":{"line":22,"column":69}}],"line":22},"4":{"loc":{"start":{"line":27,"column":23},"end":{"line":27,"column":94}},"type":"binary-expr","locations":[{"start":{"line":27,"column":23},"end":{"line":27,"column":51}},{"start":{"line":27,"column":55},"end":{"line":27,"column":94}}],"line":27},"5":{"loc":{"start":{"line":28,"column":21},"end":{"line":28,"column":65}},"type":"binary-expr","locations":[{"start":{"line":28,"column":21},"end":{"line":28,"column":52}},{"start":{"line":28,"column":56},"end":{"line":28,"column":65}}],"line":28},"6":{"loc":{"start":{"line":30,"column":4},"end":{"line":34,"column":5}},"type":"if","locations":[{"start":{"line":30,"column":4},"end":{"line":34,"column":5}},{"start":{},"end":{}}],"line":30},"7":{"loc":{"start":{"line":42,"column":21},"end":{"line":42,"column":54}},"type":"binary-expr","locations":[{"start":{"line":42,"column":21},"end":{"line":42,"column":41}},{"start":{"line":42,"column":45},"end":{"line":42,"column":54}}],"line":42},"8":{"loc":{"start":{"line":54,"column":6},"end":{"line":61,"column":7}},"type":"if","locations":[{"start":{"line":54,"column":6},"end":{"line":61,"column":7}},{"start":{},"end":{}}],"line":54},"9":{"loc":{"start":{"line":54,"column":10},"end":{"line":54,"column":49}},"type":"binary-expr","locations":[{"start":{"line":54,"column":10},"end":{"line":54,"column":34}},{"start":{"line":54,"column":38},"end":{"line":54,"column":49}}],"line":54},"10":{"loc":{"start":{"line":57,"column":8},"end":{"line":59,"column":9}},"type":"if","locations":[{"start":{"line":57,"column":8},"end":{"line":59,"column":9}},{"start":{},"end":{}}],"line":57},"11":{"loc":{"start":{"line":65,"column":6},"end":{"line":68,"column":7}},"type":"if","locations":[{"start":{"line":65,"column":6},"end":{"line":68,"column":7}},{"start":{},"end":{}}],"line":65},"12":{"loc":{"start":{"line":65,"column":10},"end":{"line":65,"column":49}},"type":"binary-expr","locations":[{"start":{"line":65,"column":10},"end":{"line":65,"column":34}},{"start":{"line":65,"column":38},"end":{"line":65,"column":49}}],"line":65},"13":{"loc":{"start":{"line":75,"column":43},"end":{"line":75,"column":52}},"type":"default-arg","locations":[{"start":{"line":75,"column":51},"end":{"line":75,"column":52}}],"line":75},"14":{"loc":{"start":{"line":90,"column":2},"end":{"line":92,"column":3}},"type":"if","locations":[{"start":{"line":90,"column":2},"end":{"line":92,"column":3}},{"start":{},"end":{}}],"line":90},"15":{"loc":{"start":{"line":121,"column":42},"end":{"line":121,"column":56}},"type":"default-arg","locations":[{"start":{"line":121,"column":49},"end":{"line":121,"column":56}}],"line":121}},"s":{"0":10,"1":10,"2":10,"3":2,"4":1,"5":1,"6":1,"7":1,"8":1,"9":0,"10":0,"11":0,"12":0,"13":0,"14":0,"15":0,"16":0,"17":0,"18":1,"19":0,"20":0,"21":0,"22":0,"23":0,"24":0,"25":0,"26":0,"27":0,"28":0,"29":0,"30":0,"31":0,"32":0,"33":0,"34":0,"35":0,"36":0,"37":0,"38":0,"39":0,"40":0,"41":1,"42":10,"43":3,"44":0,"45":3,"46":10,"47":1,"48":1,"49":1,"50":1,"51":1,"52":10,"53":1,"54":1,"55":1,"56":1,"57":1,"58":10,"59":1,"60":1,"61":1,"62":1,"63":10,"64":1,"65":10},"f":{"0":2,"1":1,"2":0,"3":0,"4":0,"5":0,"6":0,"7":0,"8":0,"9":3,"10":1,"11":1,"12":1,"13":1},"b":{"0":[1,1],"1":[1,1],"2":[1,1],"3":[1,1],"4":[0,0],"5":[0,0],"6":[0,0],"7":[0,0],"8":[0,0],"9":[0,0],"10":[0,0],"11":[0,0],"12":[0,0],"13":[0],"14":[0,3],"15":[0]},"_coverageSchema":"1a1c01bbd47fc00a2c39e90264f33305004495a9","hash":"62381b55b3f9c362a98e0603b9e9223b90f06cfb"}
,"D:\\coding\\WebDev\\Backend_Class\\placemux-backend\\src\\validators\\applicationValidator.js": {"path":"D:\\coding\\WebDev\\Backend_Class\\placemux-backend\\src\\validators\\applicationValidator.js","statementMap":{"0":{"start":{"line":1,"column":14},"end":{"line":1,"column":28}},"1":{"start":{"line":3,"column":26},"end":{"line":6,"column":2}},"2":{"start":{"line":8,"column":0},"end":{"line":10,"column":2}}},"fnMap":{},"branchMap":{},"s":{"0":9,"1":9,"2":9},"f":{},"b":{},"_coverageSchema":"1a1c01bbd47fc00a2c39e90264f33305004495a9","hash":"5842dbb767cb74550184f6c8d96a3235217ad1ab"}
,"D:\\coding\\WebDev\\Backend_Class\\placemux-backend\\src\\validators\\candidateValidator.js": {"path":"D:\\coding\\WebDev\\Backend_Class\\placemux-backend\\src\\validators\\candidateValidator.js","statementMap":{"0":{"start":{"line":1,"column":14},"end":{"line":1,"column":28}},"1":{"start":{"line":3,"column":30},"end":{"line":13,"column":2}},"2":{"start":{"line":15,"column":0},"end":{"line":17,"column":2}}},"fnMap":{},"branchMap":{},"s":{"0":9,"1":9,"2":9},"f":{},"b":{},"_coverageSchema":"1a1c01bbd47fc00a2c39e90264f33305004495a9","hash":"947c0b8849207d9c0e3c98c138aedef3c8cb7442"}
,"D:\\coding\\WebDev\\Backend_Class\\placemux-backend\\src\\validators\\companyValidator.js": {"path":"D:\\coding\\WebDev\\Backend_Class\\placemux-backend\\src\\validators\\companyValidator.js","statementMap":{"0":{"start":{"line":1,"column":14},"end":{"line":1,"column":28}},"1":{"start":{"line":3,"column":28},"end":{"line":7,"column":2}},"2":{"start":{"line":9,"column":27},"end":{"line":12,"column":2}},"3":{"start":{"line":14,"column":0},"end":{"line":17,"column":2}}},"fnMap":{},"branchMap":{},"s":{"0":10,"1":10,"2":10,"3":10},"f":{},"b":{},"_coverageSchema":"1a1c01bbd47fc00a2c39e90264f33305004495a9","hash":"dd83f10e082781520e67706ff26202fc426ab412"}
,"D:\\coding\\WebDev\\Backend_Class\\placemux-backend\\src\\validators\\consentValidator.js": {"path":"D:\\coding\\WebDev\\Backend_Class\\placemux-backend\\src\\validators\\consentValidator.js","statementMap":{"0":{"start":{"line":1,"column":14},"end":{"line":1,"column":28}},"1":{"start":{"line":3,"column":28},"end":{"line":10,"column":2}},"2":{"start":{"line":12,"column":0},"end":{"line":14,"column":2}}},"fnMap":{},"branchMap":{},"s":{"0":9,"1":9,"2":9},"f":{},"b":{},"_coverageSchema":"1a1c01bbd47fc00a2c39e90264f33305004495a9","hash":"655007d8b76a6fcea5f0fb6eed510eab438d8830"}
,"D:\\coding\\WebDev\\Backend_Class\\placemux-backend\\src\\validators\\incidentValidator.js": {"path":"D:\\coding\\WebDev\\Backend_Class\\placemux-backend\\src\\validators\\incidentValidator.js","statementMap":{"0":{"start":{"line":1,"column":14},"end":{"line":1,"column":28}},"1":{"start":{"line":3,"column":29},"end":{"line":9,"column":2}},"2":{"start":{"line":11,"column":0},"end":{"line":13,"column":2}}},"fnMap":{},"branchMap":{},"s":{"0":9,"1":9,"2":9},"f":{},"b":{},"_coverageSchema":"1a1c01bbd47fc00a2c39e90264f33305004495a9","hash":"682500cbbb6a1f1964e0febd7af38e6b188fc347"}
,"D:\\coding\\WebDev\\Backend_Class\\placemux-backend\\src\\validators\\jobValidator.js": {"path":"D:\\coding\\WebDev\\Backend_Class\\placemux-backend\\src\\validators\\jobValidator.js","statementMap":{"0":{"start":{"line":1,"column":14},"end":{"line":1,"column":28}},"1":{"start":{"line":3,"column":24},"end":{"line":22,"column":2}},"2":{"start":{"line":24,"column":0},"end":{"line":26,"column":2}}},"fnMap":{},"branchMap":{},"s":{"0":9,"1":9,"2":9},"f":{},"b":{},"_coverageSchema":"1a1c01bbd47fc00a2c39e90264f33305004495a9","hash":"8f73cca7ee4f88b25c37ed86b7e3db2c636529b0"}
,"D:\\coding\\WebDev\\Backend_Class\\placemux-backend\\src\\validators\\kycValidator.js": {"path":"D:\\coding\\WebDev\\Backend_Class\\placemux-backend\\src\\validators\\kycValidator.js","statementMap":{"0":{"start":{"line":1,"column":14},"end":{"line":1,"column":28}},"1":{"start":{"line":3,"column":18},"end":{"line":8,"column":2}},"2":{"start":{"line":10,"column":0},"end":{"line":12,"column":2}}},"fnMap":{},"branchMap":{},"s":{"0":9,"1":9,"2":9},"f":{},"b":{},"_coverageSchema":"1a1c01bbd47fc00a2c39e90264f33305004495a9","hash":"a2f268b44e31d4097d9896349193ed74531947cd"}
,"D:\\coding\\WebDev\\Backend_Class\\placemux-backend\\src\\validators\\paymentValidator.js": {"path":"D:\\coding\\WebDev\\Backend_Class\\placemux-backend\\src\\validators\\paymentValidator.js","statementMap":{"0":{"start":{"line":1,"column":14},"end":{"line":1,"column":28}},"1":{"start":{"line":3,"column":30},"end":{"line":10,"column":2}},"2":{"start":{"line":12,"column":0},"end":{"line":14,"column":2}}},"fnMap":{},"branchMap":{},"s":{"0":9,"1":9,"2":9},"f":{},"b":{},"_coverageSchema":"1a1c01bbd47fc00a2c39e90264f33305004495a9","hash":"e07596862947bf0d36de50619aa412d257e06f9f"}
,"D:\\coding\\WebDev\\Backend_Class\\placemux-backend\\src\\validators\\portalValidator.js": {"path":"D:\\coding\\WebDev\\Backend_Class\\placemux-backend\\src\\validators\\portalValidator.js","statementMap":{"0":{"start":{"line":1,"column":14},"end":{"line":1,"column":28}},"1":{"start":{"line":3,"column":26},"end":{"line":7,"column":2}},"2":{"start":{"line":9,"column":29},"end":{"line":13,"column":2}},"3":{"start":{"line":15,"column":27},"end":{"line":19,"column":2}},"4":{"start":{"line":21,"column":0},"end":{"line":25,"column":2}}},"fnMap":{},"branchMap":{},"s":{"0":9,"1":9,"2":9,"3":9,"4":9},"f":{},"b":{},"_coverageSchema":"1a1c01bbd47fc00a2c39e90264f33305004495a9","hash":"445a5b74ccfd85596cb8ab934a6f84c82813ce30"}
,"D:\\coding\\WebDev\\Backend_Class\\placemux-backend\\src\\validators\\rightsValidator.js": {"path":"D:\\coding\\WebDev\\Backend_Class\\placemux-backend\\src\\validators\\rightsValidator.js","statementMap":{"0":{"start":{"line":1,"column":14},"end":{"line":1,"column":28}},"1":{"start":{"line":3,"column":34},"end":{"line":6,"column":2}},"2":{"start":{"line":5,"column":39},"end":{"line":5,"column":52}},"3":{"start":{"line":8,"column":0},"end":{"line":10,"column":2}}},"fnMap":{"0":{"name":"(anonymous_0)","decl":{"start":{"line":5,"column":28},"end":{"line":5,"column":29}},"loc":{"start":{"line":5,"column":39},"end":{"line":5,"column":52}},"line":5}},"branchMap":{},"s":{"0":9,"1":9,"2":2,"3":9},"f":{"0":2},"b":{},"_coverageSchema":"1a1c01bbd47fc00a2c39e90264f33305004495a9","hash":"9cb3e849027f38e5d9e33995f34cdc16b919a05c"}
}
