TN:
SF:src\server.js
FN:33,(anonymous_0)
FN:47,(anonymous_1)
FN:61,(anonymous_2)
FN:65,(anonymous_3)
FN:68,(anonymous_4)
FN:85,(anonymous_5)
FN:88,(anonymous_6)
FN:98,(anonymous_7)
FN:100,(anonymous_8)
FN:133,(anonymous_9)
FN:142,(anonymous_10)
FN:146,(anonymous_11)
FN:153,(anonymous_12)
FNF:13
FNH:9
FNDA:10,(anonymous_0)
FNDA:6,(anonymous_1)
FNDA:32,(anonymous_2)
FNDA:9,(anonymous_3)
FNDA:32,(anonymous_4)
FNDA:1,(anonymous_5)
FNDA:1,(anonymous_6)
FNDA:0,(anonymous_7)
FNDA:0,(anonymous_8)
FNDA:1,(anonymous_9)
FNDA:0,(anonymous_10)
FNDA:1,(anonymous_11)
FNDA:0,(anonymous_12)
DA:1,9
DA:3,9
DA:4,9
DA:5,9
DA:6,9
DA:7,9
DA:8,9
DA:10,9
DA:11,9
DA:12,9
DA:13,9
DA:14,9
DA:15,9
DA:16,9
DA:17,9
DA:18,9
DA:19,9
DA:20,9
DA:21,9
DA:22,9
DA:23,9
DA:24,9
DA:25,9
DA:26,9
DA:27,9
DA:28,9
DA:30,9
DA:31,9
DA:33,9
DA:34,10
DA:35,9
DA:38,1
DA:47,6
DA:49,1
DA:50,1
DA:54,9
DA:55,9
DA:61,32
DA:64,9
DA:65,9
DA:68,9
DA:69,32
DA:70,31
DA:73,1
DA:74,1
DA:76,1
DA:77,0
DA:78,0
DA:84,1
DA:85,1
DA:86,1
DA:88,1
DA:89,1
DA:92,1
DA:95,9
DA:97,9
DA:98,0
DA:99,0
DA:100,0
DA:101,0
DA:103,0
DA:107,9
DA:108,9
DA:109,9
DA:110,9
DA:111,9
DA:112,9
DA:113,9
DA:119,9
DA:120,9
DA:121,9
DA:122,9
DA:123,9
DA:124,9
DA:125,9
DA:126,9
DA:127,9
DA:128,9
DA:129,9
DA:130,9
DA:131,9
DA:133,9
DA:134,1
DA:135,1
DA:136,1
DA:138,0
DA:142,9
DA:143,0
DA:146,9
DA:147,1
DA:153,9
DA:154,0
DA:156,0
DA:157,0
DA:161,0
DA:167,9
DA:168,9
DA:169,0
DA:172,9
DA:173,0
DA:174,0
DA:177,9
LF:102
LH:86
BRDA:34,0,0,9
BRDA:34,0,1,1
BRDA:49,1,0,1
BRDA:49,1,1,0
BRDA:57,2,0,9
BRDA:57,2,1,9
BRDA:58,3,0,9
BRDA:58,3,1,9
BRDA:59,4,0,9
BRDA:59,4,1,9
BRDA:60,5,0,9
BRDA:60,5,1,9
BRDA:61,6,0,32
BRDA:61,6,1,0
BRDA:61,6,2,0
BRDA:65,7,0,9
BRDA:65,7,1,9
BRDA:69,8,0,31
BRDA:69,8,1,1
BRDA:73,9,0,1
BRDA:73,9,1,1
BRDA:74,10,0,1
BRDA:74,10,1,1
BRDA:76,11,0,0
BRDA:76,11,1,1
BRDA:86,12,0,1
BRDA:86,12,1,0
BRDA:89,13,0,1
BRDA:89,13,1,1
BRDA:97,14,0,0
BRDA:97,14,1,9
BRDA:100,15,0,0
BRDA:100,15,1,0
BRDA:149,16,0,1
BRDA:149,16,1,0
BRDA:156,17,0,0
BRDA:156,17,1,0
BRDA:156,17,2,0
BRDA:157,18,0,0
BRDA:157,18,1,0
BRDA:159,19,0,0
BRDA:159,19,1,0
BRDA:168,20,0,0
BRDA:168,20,1,9
BRDA:172,21,0,0
BRDA:172,21,1,9
BRF:46
BRH:28
end_of_record
TN:
SF:src\config\db.js
FN:15,(anonymous_0)
FN:19,(anonymous_1)
FN:21,(anonymous_2)
FN:41,(anonymous_3)
FNF:4
FNH:2
FNDA:0,(anonymous_0)
FNDA:0,(anonymous_1)
FNDA:10,(anonymous_2)
FNDA:1,(anonymous_3)
DA:1,15
DA:3,15
DA:15,15
DA:16,0
DA:19,15
DA:21,15
DA:22,10
DA:24,10
DA:25,10
DA:26,10
DA:27,9
DA:28,9
DA:30,1
DA:31,1
DA:33,0
DA:35,1
DA:37,10
DA:41,15
DA:42,1
DA:43,0
DA:49,1
DA:50,1
DA:56,0
DA:57,0
DA:63,0
DA:64,0
DA:70,0
DA:76,15
DA:77,15
DA:79,15
LF:30
LH:22
BRDA:9,0,0,15
BRDA:9,0,1,15
BRDA:10,1,0,15
BRDA:10,1,1,15
BRDA:11,2,0,15
BRDA:11,2,1,15
BRDA:12,3,0,15
BRDA:12,3,1,15
BRDA:42,4,0,0
BRDA:42,4,1,1
BRDA:42,5,0,1
BRDA:42,5,1,1
BRDA:49,6,0,1
BRDA:49,6,1,0
BRDA:56,7,0,0
BRDA:56,7,1,0
BRDA:63,8,0,0
BRDA:63,8,1,0
BRDA:63,9,0,0
BRDA:63,9,1,0
BRDA:66,10,0,0
BRDA:66,10,1,0
BRDA:72,11,0,0
BRDA:72,11,1,0
BRF:24
BRH:12
end_of_record
TN:
SF:src\config\schema.js
FN:3,(anonymous_0)
FNF:1
FNH:1
FNDA:8,(anonymous_0)
DA:1,9
DA:3,9
DA:4,8
DA:14,8
DA:26,8
DA:38,8
DA:49,8
DA:59,8
DA:69,8
DA:138,8
DA:143,8
DA:159,8
DA:170,8
DA:183,8
DA:197,8
DA:214,8
DA:224,8
DA:237,8
DA:248,8
DA:258,8
DA:271,8
DA:285,9
LF:22
LH:22
BRF:0
BRH:0
end_of_record
TN:
SF:src\config\swagger.js
FNF:0
FNH:0
DA:1,9
DA:3,9
DA:36,9
DA:38,9
LF:4
LH:4
BRF:0
BRH:0
end_of_record
TN:
SF:src\controllers\analyticsController.js
FN:3,(anonymous_0)
FNF:1
FNH:0
FNDA:0,(anonymous_0)
DA:1,9
DA:3,9
DA:4,0
DA:5,0
DA:7,0
DA:8,0
DA:10,0
DA:21,0
DA:22,0
DA:29,9
LF:10
LH:3
BRF:0
BRH:0
end_of_record
TN:
SF:src\controllers\applicationController.js
FN:9,(anonymous_0)
FN:56,(anonymous_1)
FN:59,(anonymous_2)
FN:78,(anonymous_3)
FNF:4
FNH:0
FNDA:0,(anonymous_0)
FNDA:0,(anonymous_1)
FNDA:0,(anonymous_2)
FNDA:0,(anonymous_3)
DA:1,9
DA:2,9
DA:3,9
DA:7,9
DA:9,9
DA:10,0
DA:13,0
DA:15,0
DA:16,0
DA:25,0
DA:28,0
DA:34,0
DA:39,0
DA:43,0
DA:50,0
DA:53,0
DA:56,0
DA:58,0
DA:60,0
DA:64,0
DA:65,0
DA:68,0
DA:74,0
DA:78,0
DA:79,0
DA:89,0
DA:90,0
DA:93,0
DA:94,0
DA:97,0
DA:116,0
DA:126,0
DA:128,0
DA:143,0
DA:144,0
DA:146,0
DA:153,9
LF:37
LH:6
BRDA:15,0,0,0
BRDA:15,0,1,0
BRDA:39,1,0,0
BRDA:39,1,1,0
BRDA:40,2,0,0
BRDA:40,2,1,0
BRDA:50,3,0,0
BRDA:50,3,1,0
BRDA:53,4,0,0
BRDA:53,4,1,0
BRDA:64,5,0,0
BRDA:64,5,1,0
BRDA:74,6,0,0
BRDA:74,6,1,0
BRDA:89,7,0,0
BRDA:89,7,1,0
BRDA:137,8,0,0
BRDA:137,8,1,0
BRF:18
BRH:0
end_of_record
TN:
SF:src\controllers\authController.js
FN:6,(anonymous_0)
FN:24,(anonymous_1)
FNF:2
FNH:2
FNDA:8,(anonymous_0)
FNDA:9,(anonymous_1)
DA:1,10
DA:2,10
DA:3,10
DA:4,10
DA:6,10
DA:7,8
DA:9,8
DA:10,0
DA:13,8
DA:24,10
DA:25,9
DA:26,9
DA:28,9
DA:29,0
DA:35,9
DA:37,9
DA:42,9
DA:43,1
DA:49,8
DA:51,8
DA:56,8
DA:57,0
DA:63,8
DA:65,8
DA:67,8
DA:73,0
DA:74,0
DA:81,10
LF:28
LH:23
BRDA:9,0,0,0
BRDA:9,0,1,8
BRDA:20,1,0,8
BRDA:20,1,1,8
BRDA:28,2,0,0
BRDA:28,2,1,9
BRDA:42,3,0,1
BRDA:42,3,1,8
BRDA:56,4,0,0
BRDA:56,4,1,8
BRF:10
BRH:7
end_of_record
TN:
SF:src\controllers\candidateController.js
FN:8,(anonymous_0)
FNF:1
FNH:0
FNDA:0,(anonymous_0)
DA:1,9
DA:2,9
DA:6,9
DA:8,9
DA:9,0
DA:12,0
DA:14,0
DA:15,0
DA:25,0
DA:27,0
DA:45,0
DA:47,0
DA:53,0
DA:55,0
DA:62,9
LF:15
LH:5
BRDA:14,0,0,0
BRDA:14,0,1,0
BRF:2
BRH:0
end_of_record
TN:
SF:src\controllers\companyController.js
FN:20,(anonymous_0)
FN:110,(anonymous_1)
FN:184,(anonymous_2)
FN:249,(anonymous_3)
FN:324,(anonymous_4)
FN:359,(anonymous_5)
FNF:6
FNH:0
FNDA:0,(anonymous_0)
FNDA:0,(anonymous_1)
FNDA:0,(anonymous_2)
FNDA:0,(anonymous_3)
FNDA:0,(anonymous_4)
FNDA:0,(anonymous_5)
DA:1,9
DA:2,9
DA:6,9
DA:10,9
DA:13,9
DA:14,9
DA:20,9
DA:21,0
DA:24,0
DA:26,0
DA:27,0
DA:37,0
DA:39,0
DA:44,0
DA:45,0
DA:52,0
DA:55,0
DA:56,0
DA:57,0
DA:58,0
DA:72,0
DA:74,0
DA:83,0
DA:85,0
DA:86,0
DA:88,0
DA:90,0
DA:91,0
DA:93,0
DA:97,0
DA:99,0
DA:110,9
DA:111,0
DA:118,0
DA:120,0
DA:122,0
DA:123,0
DA:129,0
DA:134,0
DA:135,0
DA:141,0
DA:163,0
DA:165,0
DA:171,0
DA:173,0
DA:184,9
DA:185,0
DA:188,0
DA:190,0
DA:191,0
DA:201,0
DA:203,0
DA:206,0
DA:208,0
DA:209,0
DA:215,0
DA:224,0
DA:225,0
DA:233,0
DA:242,0
DA:243,0
DA:249,0
DA:250,0
DA:259,0
DA:260,0
DA:261,0
DA:262,0
DA:265,0
DA:285,0
DA:291,0
DA:308,0
DA:311,0
DA:314,0
DA:315,0
DA:317,0
DA:324,9
DA:325,0
DA:326,0
DA:328,0
DA:329,0
DA:335,0
DA:337,0
DA:338,0
DA:344,0
DA:349,0
DA:350,0
DA:352,0
DA:359,9
DA:360,0
DA:361,0
DA:363,0
DA:364,0
DA:367,0
DA:372,0
DA:373,0
DA:376,0
DA:381,0
DA:383,0
DA:384,0
DA:385,0
DA:389,9
LF:101
LH:12
BRDA:26,0,0,0
BRDA:26,0,1,0
BRDA:44,1,0,0
BRDA:44,1,1,0
BRDA:122,2,0,0
BRDA:122,2,1,0
BRDA:134,3,0,0
BRDA:134,3,1,0
BRDA:190,4,0,0
BRDA:190,4,1,0
BRDA:208,5,0,0
BRDA:208,5,1,0
BRDA:224,6,0,0
BRDA:224,6,1,0
BRDA:242,7,0,0
BRDA:242,7,1,0
BRDA:259,8,0,0
BRDA:259,8,1,0
BRDA:328,9,0,0
BRDA:328,9,1,0
BRDA:337,10,0,0
BRDA:337,10,1,0
BRDA:361,11,0,0
BRDA:361,11,1,0
BRDA:363,12,0,0
BRDA:363,12,1,0
BRDA:372,13,0,0
BRDA:372,13,1,0
BRDA:384,14,0,0
BRDA:384,14,1,0
BRF:30
BRH:0
end_of_record
TN:
SF:src\controllers\consentController.js
FN:4,(anonymous_0)
FN:52,(anonymous_1)
FN:156,(anonymous_2)
FNF:3
FNH:3
FNDA:1,(anonymous_0)
FNDA:1,(anonymous_1)
FNDA:1,(anonymous_2)
DA:1,9
DA:2,9
DA:4,9
DA:5,1
DA:6,1
DA:8,1
DA:9,0
DA:15,1
DA:23,1
DA:25,1
DA:26,0
DA:32,1
DA:33,0
DA:39,1
DA:44,1
DA:45,0
DA:52,1
DA:53,1
DA:54,1
DA:59,1
DA:60,0
DA:61,0
DA:62,0
DA:65,0
DA:70,0
DA:71,0
DA:72,0
DA:73,0
DA:77,1
DA:88,1
DA:118,1
DA:124,1
DA:141,1
DA:144,1
DA:146,0
DA:147,0
DA:149,0
DA:156,9
DA:157,1
DA:158,1
DA:159,1
DA:161,1
DA:162,0
DA:168,1
DA:169,0
DA:175,1
DA:176,0
DA:182,1
DA:193,1
DA:198,0
DA:199,0
DA:206,9
LF:52
LH:32
BRDA:8,0,0,0
BRDA:8,0,1,1
BRDA:25,1,0,0
BRDA:25,1,1,1
BRDA:32,2,0,0
BRDA:32,2,1,1
BRDA:32,3,0,1
BRDA:32,3,1,1
BRDA:44,4,0,0
BRDA:44,4,1,1
BRDA:53,5,0,1
BRDA:53,5,1,0
BRDA:59,6,0,0
BRDA:59,6,1,1
BRDA:70,7,0,0
BRDA:70,7,1,0
BRDA:88,8,0,1
BRDA:88,8,1,0
BRDA:99,9,0,1
BRDA:99,9,1,1
BRDA:99,10,0,1
BRDA:99,10,1,0
BRDA:115,11,0,0
BRDA:115,11,1,0
BRDA:115,12,0,0
BRDA:115,12,1,0
BRDA:161,13,0,0
BRDA:161,13,1,1
BRDA:161,14,0,1
BRDA:161,14,1,1
BRDA:168,15,0,0
BRDA:168,15,1,1
BRDA:175,16,0,0
BRDA:175,16,1,1
BRDA:175,17,0,1
BRDA:175,17,1,1
BRF:36
BRH:19
end_of_record
TN:
SF:src\controllers\incidentController.js
FN:4,(anonymous_0)
FN:40,(anonymous_1)
FNF:2
FNH:2
FNDA:1,(anonymous_0)
FNDA:1,(anonymous_1)
DA:1,9
DA:2,9
DA:4,9
DA:5,1
DA:6,1
DA:8,1
DA:9,0
DA:15,1
DA:17,1
DA:27,1
DA:32,0
DA:33,0
DA:40,9
DA:41,1
DA:42,1
DA:50,1
DA:55,0
DA:56,0
DA:63,9
LF:19
LH:14
BRDA:8,0,0,0
BRDA:8,0,1,1
BRDA:15,1,0,0
BRDA:15,2,0,0
BRDA:15,3,0,0
BRF:5
BRH:1
end_of_record
TN:
SF:src\controllers\jobController.js
FN:8,(anonymous_0)
FN:53,(anonymous_1)
FNF:2
FNH:2
FNDA:1,(anonymous_0)
FNDA:1,(anonymous_1)
DA:1,9
DA:2,9
DA:6,9
DA:8,9
DA:9,1
DA:11,1
DA:13,1
DA:14,0
DA:22,1
DA:24,1
DA:25,0
DA:38,1
DA:40,1
DA:45,1
DA:46,0
DA:53,1
DA:54,1
DA:80,1
DA:82,1
DA:84,1
DA:93,1
DA:94,1
DA:97,1
DA:99,1
DA:106,0
DA:107,0
DA:109,0
DA:116,9
LF:28
LH:22
BRDA:13,0,0,0
BRDA:13,0,1,1
BRDA:24,1,0,0
BRDA:24,1,1,1
BRDA:45,2,0,0
BRDA:45,2,1,1
BRF:6
BRH:3
end_of_record
TN:
SF:src\controllers\paymentController.js
FN:10,(anonymous_0)
FN:60,(anonymous_1)
FN:135,(anonymous_2)
FN:167,(anonymous_3)
FN:203,(anonymous_4)
FNF:5
FNH:2
FNDA:10,(anonymous_0)
FNDA:2,(anonymous_1)
FNDA:0,(anonymous_2)
FNDA:0,(anonymous_3)
FNDA:0,(anonymous_4)
DA:1,9
DA:2,9
DA:3,9
DA:5,9
DA:7,9
DA:8,9
DA:10,9
DA:11,10
DA:12,10
DA:14,10
DA:15,0
DA:21,10
DA:23,10
DA:24,0
DA:30,10
DA:35,10
DA:36,8
DA:50,2
DA:52,2
DA:53,0
DA:54,0
DA:55,0
DA:58,2
DA:59,2
DA:60,2
DA:61,2
DA:71,2
DA:72,2
DA:78,2
DA:90,2
DA:99,2
DA:108,2
DA:117,2
DA:120,2
DA:122,2
DA:125,0
DA:126,0
DA:128,0
DA:135,9
DA:136,0
DA:137,0
DA:138,0
DA:140,0
DA:141,0
DA:147,0
DA:149,0
DA:158,0
DA:159,0
DA:165,0
DA:167,0
DA:168,0
DA:180,0
DA:190,0
DA:195,0
DA:196,0
DA:203,9
DA:204,0
DA:205,0
DA:222,0
DA:227,0
DA:228,0
DA:235,9
LF:62
LH:33
BRDA:8,0,0,9
BRDA:8,0,1,9
BRDA:14,1,0,0
BRDA:14,1,1,10
BRDA:23,2,0,0
BRDA:23,2,1,10
BRDA:35,3,0,8
BRDA:35,3,1,2
BRDA:52,4,0,0
BRDA:52,4,1,2
BRDA:68,5,0,2
BRDA:68,5,1,2
BRDA:68,6,0,2
BRDA:68,6,1,2
BRDA:68,7,0,2
BRDA:68,7,1,2
BRDA:140,8,0,0
BRDA:140,8,1,0
BRDA:158,9,0,0
BRDA:158,9,1,0
BRDA:177,10,0,0
BRDA:177,10,1,0
BRF:22
BRH:13
end_of_record
TN:
SF:src\controllers\portalController.js
FN:8,(anonymous_0)
FN:44,(anonymous_1)
FN:123,(anonymous_2)
FN:158,(anonymous_3)
FN:220,(anonymous_4)
FN:257,(anonymous_5)
FNF:6
FNH:4
FNDA:1,(anonymous_0)
FNDA:1,(anonymous_1)
FNDA:1,(anonymous_2)
FNDA:1,(anonymous_3)
FNDA:0,(anonymous_4)
FNDA:0,(anonymous_5)
DA:1,9
DA:6,9
DA:8,9
DA:9,1
DA:10,1
DA:12,1
DA:13,0
DA:19,1
DA:21,1
DA:22,0
DA:28,1
DA:33,1
DA:34,0
DA:41,1
DA:42,1
DA:44,1
DA:45,1
DA:50,1
DA:51,0
DA:52,0
DA:53,0
DA:56,1
DA:57,1
DA:62,1
DA:63,0
DA:64,0
DA:65,0
DA:69,1
DA:85,1
DA:91,1
DA:108,1
DA:111,1
DA:113,0
DA:114,0
DA:116,0
DA:123,9
DA:124,1
DA:125,1
DA:127,1
DA:128,0
DA:134,1
DA:135,1
DA:136,1
DA:138,1
DA:139,0
DA:145,1
DA:150,1
DA:151,0
DA:158,1
DA:159,1
DA:164,1
DA:165,0
DA:166,0
DA:167,0
DA:170,1
DA:182,1
DA:188,1
DA:205,1
DA:208,1
DA:210,0
DA:211,0
DA:213,0
DA:220,9
DA:221,0
DA:222,0
DA:223,0
DA:225,0
DA:226,0
DA:232,0
DA:237,0
DA:238,0
DA:244,0
DA:249,0
DA:250,0
DA:257,9
DA:258,0
DA:259,0
DA:261,0
DA:262,0
DA:268,0
DA:270,0
DA:278,0
DA:279,0
DA:284,0
DA:293,0
DA:306,0
DA:307,0
DA:314,9
LF:88
LH:44
BRDA:12,0,0,0
BRDA:12,0,1,1
BRDA:21,1,0,0
BRDA:21,1,1,1
BRDA:33,2,0,0
BRDA:33,2,1,1
BRDA:50,3,0,0
BRDA:50,3,1,1
BRDA:56,4,0,1
BRDA:56,4,1,0
BRDA:62,5,0,0
BRDA:62,5,1,1
BRDA:82,6,0,1
BRDA:82,6,1,0
BRDA:82,7,0,1
BRDA:82,7,1,0
BRDA:127,8,0,0
BRDA:127,8,1,1
BRDA:138,9,0,0
BRDA:138,9,1,1
BRDA:150,10,0,0
BRDA:150,10,1,1
BRDA:164,11,0,0
BRDA:164,11,1,1
BRDA:179,12,0,1
BRDA:179,12,1,0
BRDA:225,13,0,0
BRDA:225,13,1,0
BRDA:237,14,0,0
BRDA:237,14,1,0
BRDA:261,15,0,0
BRDA:261,15,1,0
BRDA:278,16,0,0
BRDA:278,16,1,0
BRDA:287,17,0,0
BRDA:287,17,1,0
BRDA:297,18,0,0
BRDA:297,18,1,0
BRDA:298,19,0,0
BRDA:298,19,1,0
BRDA:300,20,0,0
BRDA:300,20,1,0
BRF:42
BRH:13
end_of_record
TN:
SF:src\controllers\retentionController.js
FN:3,(anonymous_0)
FN:51,(anonymous_1)
FN:74,(anonymous_2)
FN:113,(anonymous_3)
FNF:4
FNH:3
FNDA:1,(anonymous_0)
FNDA:0,(anonymous_1)
FNDA:1,(anonymous_2)
FNDA:1,(anonymous_3)
DA:1,9
DA:3,9
DA:4,1
DA:5,1
DA:7,1
DA:8,0
DA:14,1
DA:21,1
DA:22,0
DA:28,1
DA:38,1
DA:43,0
DA:44,0
DA:51,9
DA:52,0
DA:53,0
DA:61,0
DA:66,0
DA:67,0
DA:74,9
DA:75,1
DA:76,1
DA:86,1
DA:87,0
DA:93,1
DA:94,1
DA:97,1
DA:101,1
DA:102,1
DA:104,0
DA:105,0
DA:107,0
DA:113,1
DA:114,1
DA:115,1
DA:123,1
DA:131,1
DA:134,1
DA:140,0
DA:141,0
DA:148,9
LF:41
LH:26
BRDA:5,0,0,0
BRDA:7,1,0,0
BRDA:7,1,1,1
BRDA:7,2,0,1
BRDA:7,2,1,1
BRDA:7,2,2,1
BRDA:7,2,3,1
BRDA:21,3,0,0
BRDA:21,3,1,1
BRDA:86,4,0,0
BRDA:86,4,1,1
BRDA:97,5,0,0
BRDA:97,5,1,0
BRDA:97,5,2,1
BRDA:97,5,3,0
BRDA:97,5,4,0
BRF:16
BRH:8
end_of_record
TN:
SF:src\controllers\rightsController.js
FN:4,(anonymous_0)
FN:54,(anonymous_1)
FN:66,(anonymous_2)
FN:86,(anonymous_3)
FNF:4
FNH:4
FNDA:1,(anonymous_0)
FNDA:4,(anonymous_1)
FNDA:1,(anonymous_2)
FNDA:1,(anonymous_3)
DA:1,9
DA:2,9
DA:4,9
DA:5,1
DA:6,1
DA:8,1
DA:9,0
DA:15,1
DA:17,1
DA:18,0
DA:24,1
DA:26,1
DA:27,1
DA:34,1
DA:35,1
DA:36,1
DA:37,1
DA:39,0
DA:44,0
DA:45,0
DA:48,1
DA:54,4
DA:58,0
DA:59,0
DA:66,9
DA:67,1
DA:68,1
DA:70,1
DA:71,0
DA:77,1
DA:79,1
DA:80,0
DA:86,1
DA:87,1
DA:88,0
DA:90,1
DA:91,1
DA:95,1
DA:100,0
DA:101,0
DA:103,0
DA:110,9
LF:42
LH:29
BRDA:8,0,0,0
BRDA:8,0,1,1
BRDA:17,1,0,0
BRDA:17,1,1,1
BRDA:17,2,0,1
BRDA:17,2,1,1
BRDA:26,3,0,1
BRDA:26,3,1,0
BRDA:70,4,0,0
BRDA:70,4,1,1
BRDA:79,5,0,0
BRDA:79,5,1,1
BRDA:79,6,0,1
BRDA:79,6,1,0
BRDA:87,7,0,0
BRDA:87,7,1,1
BRF:16
BRH:9
end_of_record
TN:
SF:src\middleware\authMiddleware.js
FN:3,(anonymous_0)
FNF:1
FNH:1
FNDA:25,(anonymous_0)
DA:1,10
DA:3,10
DA:4,25
DA:5,25
DA:9,25
DA:10,1
DA:16,24
DA:18,24
DA:19,0
DA:20,0
DA:26,24
DA:27,24
DA:28,23
DA:29,23
DA:31,1
DA:38,10
LF:16
LH:14
BRDA:4,0,0,25
BRDA:4,0,1,1
BRDA:5,1,0,24
BRDA:5,1,1,1
BRDA:9,2,0,1
BRDA:9,2,1,24
BRDA:18,3,0,0
BRDA:18,3,1,24
BRF:8
BRH:7
end_of_record
TN:
SF:src\middleware\observabilityMiddleware.js
FN:3,(anonymous_0)
FN:6,(anonymous_1)
FNF:2
FNH:2
FNDA:32,(anonymous_0)
FNDA:32,(anonymous_1)
DA:1,9
DA:3,9
DA:4,32
DA:6,32
DA:7,32
DA:8,32
DA:11,32
DA:14,9
LF:8
LH:8
BRF:0
BRH:0
end_of_record
TN:
SF:src\routes\analyticsRoutes.js
FNF:0
FNH:0
DA:1,9
DA:3,9
DA:5,9
DA:6,9
DA:32,9
DA:34,9
LF:6
LH:6
BRF:0
BRH:0
end_of_record
TN:
SF:src\routes\applicationRoutes.js
FN:60,(anonymous_0)
FNF:1
FNH:0
FNDA:0,(anonymous_0)
DA:1,9
DA:3,9
DA:7,9
DA:8,9
DA:9,9
DA:43,9
DA:60,9
DA:61,0
DA:67,9
LF:9
LH:8
BRF:0
BRH:0
end_of_record
TN:
SF:src\routes\authRoutes.js
FNF:0
FNH:0
DA:1,9
DA:2,9
DA:4,9
DA:38,9
DA:40,9
LF:5
LH:5
BRF:0
BRH:0
end_of_record
TN:
SF:src\routes\candidateRoutes.js
FNF:0
FNH:0
DA:1,9
DA:3,9
DA:7,9
DA:37,9
DA:39,9
LF:5
LH:5
BRF:0
BRH:0
end_of_record
TN:
SF:src\routes\companyRoutes.js
FNF:0
FNH:0
DA:1,9
DA:3,9
DA:5,9
DA:12,9
DA:53,9
DA:69,9
DA:87,9
DA:109,9
DA:118,9
DA:120,9
LF:10
LH:10
BRF:0
BRH:0
end_of_record
TN:
SF:src\routes\consentRoutes.js
FNF:0
FNH:0
DA:1,9
DA:3,9
DA:8,9
DA:9,9
DA:18,9
DA:19,9
DA:21,9
LF:7
LH:7
BRF:0
BRH:0
end_of_record
TN:
SF:src\routes\incidentRoutes.js
FNF:0
FNH:0
DA:1,9
DA:2,9
DA:3,9
DA:4,9
DA:13,9
DA:14,9
DA:16,9
LF:7
LH:7
BRF:0
BRH:0
end_of_record
TN:
SF:src\routes\jobRoutes.js
FNF:0
FNH:0
DA:1,9
DA:3,9
DA:5,9
DA:8,9
DA:42,9
DA:44,9
LF:6
LH:6
BRF:0
BRH:0
end_of_record
TN:
SF:src\routes\observabilityRoutes.js
FN:14,(anonymous_0)
FNF:1
FNH:1
FNDA:1,(anonymous_0)
DA:1,9
DA:2,9
DA:3,9
DA:4,9
DA:5,9
DA:14,9
DA:15,1
DA:22,9
LF:8
LH:8
BRF:0
BRH:0
end_of_record
TN:
SF:src\routes\paymentRoutes.js
FN:16,(anonymous_0)
FNF:1
FNH:0
FNDA:0,(anonymous_0)
DA:1,9
DA:2,9
DA:7,9
DA:8,9
DA:9,9
DA:11,9
DA:17,0
DA:18,0
DA:19,0
DA:22,9
DA:31,9
DA:32,9
DA:33,9
DA:35,9
LF:14
LH:11
BRDA:12,0,0,9
BRDA:12,0,1,9
BRDA:13,1,0,9
BRDA:13,1,1,9
BRF:4
BRH:4
end_of_record
TN:
SF:src\routes\portalRoutes.js
FNF:0
FNH:0
DA:1,9
DA:3,9
DA:10,9
DA:11,9
DA:20,9
DA:21,9
DA:22,9
DA:23,9
DA:25,9
LF:9
LH:9
BRF:0
BRH:0
end_of_record
TN:
SF:src\routes\retentionRoutes.js
FNF:0
FNH:0
DA:1,9
DA:2,9
DA:7,9
DA:8,9
DA:17,9
DA:18,9
DA:19,9
DA:21,9
LF:8
LH:8
BRF:0
BRH:0
end_of_record
TN:
SF:src\routes\rightsRoutes.js
FNF:0
FNH:0
DA:1,9
DA:3,9
DA:8,9
DA:9,9
DA:18,9
DA:19,9
DA:21,9
LF:7
LH:7
BRF:0
BRH:0
end_of_record
TN:
SF:src\services\analyticsService.js
FN:9,(anonymous_0)
FN:49,(anonymous_1)
FN:50,(anonymous_2)
FN:89,(anonymous_3)
FN:109,(anonymous_4)
FN:117,(anonymous_5)
FN:119,(anonymous_6)
FN:128,(anonymous_7)
FN:130,(anonymous_8)
FNF:9
FNH:7
FNDA:2,(anonymous_0)
FNDA:3,(anonymous_1)
FNDA:2,(anonymous_2)
FNDA:12,(anonymous_3)
FNDA:4,(anonymous_4)
FNDA:0,(anonymous_5)
FNDA:0,(anonymous_6)
FNDA:1,(anonymous_7)
FNDA:1,(anonymous_8)
DA:1,11
DA:2,11
DA:3,11
DA:5,11
DA:6,11
DA:9,11
DA:10,2
DA:11,2
DA:13,2
DA:16,11
DA:49,11
DA:50,3
DA:51,2
DA:68,2
DA:70,2
DA:87,2
DA:89,12
DA:94,2
DA:109,11
DA:110,4
DA:111,0
DA:114,4
DA:117,11
DA:119,11
DA:120,0
DA:121,0
DA:128,11
DA:130,11
DA:131,1
DA:132,0
DA:136,11
LF:31
LH:27
BRDA:10,0,0,2
BRDA:10,0,1,0
BRDA:11,1,0,2
BRDA:11,1,1,2
BRDA:68,2,0,2
BRDA:68,2,1,0
BRDA:71,3,0,2
BRDA:71,3,1,0
BRDA:72,4,0,2
BRDA:72,4,1,0
BRDA:73,5,0,2
BRDA:73,5,1,0
BRDA:74,6,0,2
BRDA:74,6,1,0
BRDA:77,7,0,2
BRDA:77,7,1,0
BRDA:77,8,0,2
BRDA:77,8,1,0
BRDA:82,9,0,2
BRDA:82,9,1,0
BRDA:82,10,0,2
BRDA:82,10,1,0
BRDA:89,11,0,12
BRDA:89,11,1,0
BRDA:110,12,0,0
BRDA:110,12,1,4
BRDA:120,13,0,0
BRDA:120,13,1,0
BRDA:123,14,0,0
BRDA:123,14,1,0
BRDA:124,15,0,0
BRDA:124,15,1,0
BRDA:131,16,0,0
BRDA:131,16,1,1
BRDA:131,17,0,1
BRDA:131,17,1,0
BRF:36
BRH:16
end_of_record
TN:
SF:src\services\backgroundQueue.js
FN:4,(anonymous_0)
FN:17,(anonymous_1)
FN:50,(anonymous_2)
FN:51,(anonymous_3)
FN:80,(anonymous_4)
FN:92,(anonymous_5)
FN:97,(anonymous_6)
FN:100,(anonymous_7)
FN:100,(anonymous_8)
FN:116,(anonymous_9)
FN:128,(anonymous_10)
FN:138,(anonymous_11)
FN:146,(anonymous_12)
FN:149,(anonymous_13)
FN:157,(anonymous_14)
FNF:15
FNH:7
FNDA:22,(anonymous_0)
FNDA:505,(anonymous_1)
FNDA:2,(anonymous_2)
FNDA:2,(anonymous_3)
FNDA:0,(anonymous_4)
FNDA:3,(anonymous_5)
FNDA:22,(anonymous_6)
FNDA:0,(anonymous_7)
FNDA:0,(anonymous_8)
FNDA:0,(anonymous_9)
FNDA:0,(anonymous_10)
FNDA:0,(anonymous_11)
FNDA:0,(anonymous_12)
FNDA:0,(anonymous_13)
FNDA:18,(anonymous_14)
DA:1,18
DA:5,22
DA:6,22
DA:7,22
DA:14,22
DA:18,505
DA:19,1
DA:22,504
DA:23,504
DA:24,1
DA:25,1
DA:26,1
DA:29,503
DA:40,503
DA:41,503
DA:43,503
DA:44,503
DA:47,503
DA:51,2
DA:53,2
DA:54,5
DA:55,5
DA:57,5
DA:58,5
DA:59,5
DA:60,5
DA:62,5
DA:63,5
DA:64,1
DA:65,1
DA:67,4
DA:68,4
DA:70,4
DA:71,1
DA:72,1
DA:73,1
DA:74,1
DA:76,3
DA:77,3
DA:78,3
DA:79,3
DA:80,0
DA:84,5
DA:89,2
DA:93,3
DA:97,22
DA:98,18
DA:100,18
DA:101,0
DA:103,0
DA:104,0
DA:107,0
DA:112,0
DA:113,0
DA:116,0
DA:118,0
DA:125,18
DA:126,18
DA:128,18
DA:134,0
DA:135,0
DA:138,0
DA:139,0
DA:140,0
DA:143,0
DA:144,0
DA:147,0
DA:150,0
DA:154,0
DA:157,18
DA:158,18
DA:159,0
DA:160,0
DA:164,18
LF:74
LH:53
BRDA:18,0,0,1
BRDA:18,0,1,504
BRDA:18,1,0,505
BRDA:18,1,1,505
BRDA:22,2,0,504
BRDA:22,2,1,504
BRDA:23,3,0,1
BRDA:23,3,1,503
BRDA:43,4,0,503
BRDA:43,4,1,0
BRDA:50,5,0,0
BRDA:50,6,0,0
BRDA:70,7,0,1
BRDA:70,7,1,3
BRDA:79,8,0,0
BRDA:79,8,1,3
BRDA:103,9,0,0
BRDA:103,9,1,0
BRDA:112,10,0,0
BRDA:112,10,1,0
BRDA:128,11,0,0
BRDA:129,12,0,0
BRDA:130,13,0,0
BRDA:130,14,0,0
BRDA:130,14,1,0
BRDA:131,15,0,0
BRDA:131,16,0,0
BRDA:131,16,1,0
BRDA:132,17,0,0
BRDA:132,18,0,0
BRDA:132,18,1,0
BRDA:134,19,0,0
BRDA:134,19,1,0
BRDA:139,20,0,0
BRDA:139,20,1,0
BRDA:158,21,0,0
BRDA:158,21,1,18
BRF:37
BRH:13
end_of_record
TN:
SF:src\services\cacheService.js
FN:4,(anonymous_0)
FN:16,(anonymous_1)
FN:27,(anonymous_2)
FN:50,(anonymous_3)
FN:60,(anonymous_4)
FN:61,(anonymous_5)
FN:70,(anonymous_6)
FN:71,(anonymous_7)
FN:84,(anonymous_8)
FN:94,(anonymous_9)
FN:101,(anonymous_10)
FN:106,(anonymous_11)
FN:115,(anonymous_12)
FNF:13
FNH:13
FNDA:14,(anonymous_0)
FNDA:9,(anonymous_1)
FNDA:6,(anonymous_2)
FNDA:6,(anonymous_3)
FNDA:6,(anonymous_4)
FNDA:4,(anonymous_5)
FNDA:1,(anonymous_6)
FNDA:1,(anonymous_7)
FNDA:1,(anonymous_8)
FNDA:2,(anonymous_9)
FNDA:1,(anonymous_10)
FNDA:1,(anonymous_11)
FNDA:14,(anonymous_12)
DA:1,12
DA:5,14
DA:6,14
DA:7,14
DA:12,14
DA:13,14
DA:17,9
DA:18,9
DA:19,2
DA:20,2
DA:23,7
DA:24,1
DA:27,6
DA:28,6
DA:29,6
DA:30,6
DA:31,6
DA:36,6
DA:37,6
DA:38,6
DA:41,6
DA:43,6
DA:44,6
DA:46,6
DA:51,6
DA:52,6
DA:53,0
DA:56,6
DA:57,6
DA:61,6
DA:62,4
DA:63,4
DA:66,4
DA:71,1
DA:72,1
DA:73,1
DA:74,0
DA:77,1
DA:78,1
DA:79,1
DA:85,1
DA:86,1
DA:87,1
DA:90,1
DA:91,1
DA:95,2
DA:96,2
DA:97,1
DA:100,1
DA:101,1
DA:102,1
DA:103,1
DA:107,1
DA:108,1
DA:115,14
DA:117,12
LF:56
LH:54
BRDA:4,0,0,0
BRDA:4,1,0,0
BRDA:16,2,0,0
BRDA:16,3,0,4
BRDA:18,4,0,2
BRDA:18,4,1,7
BRDA:18,5,0,9
BRDA:18,5,1,2
BRDA:23,6,0,1
BRDA:23,6,1,6
BRDA:30,7,0,6
BRDA:30,7,1,2
BRDA:52,8,0,0
BRDA:52,8,1,6
BRDA:57,9,0,6
BRDA:57,9,1,0
BRDA:60,10,0,0
BRDA:62,11,0,4
BRDA:62,11,1,0
BRDA:70,12,0,0
BRDA:73,13,0,0
BRDA:73,13,1,1
BRDA:78,14,0,1
BRDA:78,14,1,0
BRDA:86,15,0,1
BRDA:86,15,1,0
BRDA:96,16,0,1
BRDA:96,16,1,1
BRDA:110,17,0,0
BRDA:110,17,1,1
BRDA:115,18,0,0
BRF:31
BRH:18
end_of_record
TN:
SF:src\services\circuitBreaker.js
FN:2,(anonymous_0)
FN:14,(anonymous_1)
FN:28,(anonymous_2)
FN:28,(anonymous_3)
FN:39,(anonymous_4)
FN:50,(anonymous_5)
FN:57,(anonymous_6)
FN:62,(anonymous_7)
FNF:8
FNH:5
FNDA:9,(anonymous_0)
FNDA:2,(anonymous_1)
FNDA:2,(anonymous_2)
FNDA:0,(anonymous_3)
FNDA:2,(anonymous_4)
FNDA:0,(anonymous_5)
FNDA:0,(anonymous_6)
FNDA:2,(anonymous_7)
DA:3,9
DA:4,9
DA:5,9
DA:6,9
DA:8,9
DA:9,9
DA:10,9
DA:11,9
DA:15,2
DA:16,0
DA:17,0
DA:19,0
DA:20,0
DA:21,0
DA:25,2
DA:26,2
DA:28,2
DA:31,2
DA:32,2
DA:34,0
DA:35,0
DA:40,2
DA:41,0
DA:42,0
DA:43,0
DA:46,2
DA:51,0
DA:52,0
DA:53,0
DA:58,0
DA:59,0
DA:63,2
DA:64,2
DA:65,2
DA:69,9
LF:35
LH:20
BRDA:2,0,0,0
BRDA:2,1,0,0
BRDA:2,2,0,9
BRDA:2,3,0,0
BRDA:2,4,0,0
BRDA:15,5,0,0
BRDA:15,5,1,2
BRDA:16,6,0,0
BRDA:16,6,1,0
BRDA:40,7,0,0
BRDA:40,7,1,2
BRDA:42,8,0,0
BRDA:42,8,1,0
BRDA:52,9,0,0
BRDA:52,9,1,0
BRF:15
BRH:3
end_of_record
TN:
SF:src\services\metricsService.js
FN:3,(anonymous_0)
FN:7,(anonymous_1)
FNF:2
FNH:1
FNDA:0,(anonymous_0)
FNDA:1,(anonymous_1)
DA:1,18
DA:3,18
DA:4,0
DA:7,18
DA:9,18
LF:5
LH:4
BRDA:3,0,0,0
BRDA:4,1,0,0
BRDA:4,1,1,0
BRF:3
BRH:0
end_of_record
TN:
SF:src\services\observabilityService.js
FN:8,(anonymous_0)
FN:29,(anonymous_1)
FN:33,(anonymous_2)
FN:42,(anonymous_3)
FNF:4
FNH:3
FNDA:32,(anonymous_0)
FNDA:0,(anonymous_1)
FNDA:1,(anonymous_2)
FNDA:1,(anonymous_3)
DA:1,9
DA:8,9
DA:9,32
DA:10,32
DA:12,32
DA:13,23
DA:20,32
DA:21,32
DA:23,32
DA:24,0
DA:25,0
DA:29,9
DA:30,0
DA:33,9
DA:34,1
DA:38,1
DA:42,1
DA:51,9
LF:18
LH:15
BRDA:12,0,0,23
BRDA:12,0,1,9
BRDA:23,1,0,0
BRDA:23,1,1,32
BRDA:34,2,0,1
BRDA:34,2,1,0
BRF:6
BRH:4
end_of_record
TN:
SF:src\services\outboxPublisher.js
FN:8,(anonymous_0)
FN:14,(anonymous_1)
FN:17,(anonymous_2)
FN:59,(anonymous_3)
FN:68,(anonymous_4)
FNF:5
FNH:1
FNDA:0,(anonymous_0)
FNDA:0,(anonymous_1)
FNDA:0,(anonymous_2)
FNDA:0,(anonymous_3)
FNDA:18,(anonymous_4)
DA:1,18
DA:3,18
DA:4,18
DA:6,18
DA:8,18
DA:10,0
DA:11,0
DA:14,18
DA:15,0
DA:17,0
DA:18,0
DA:19,0
DA:21,0
DA:22,0
DA:23,0
DA:25,0
DA:26,0
DA:27,0
DA:28,0
DA:29,0
DA:30,0
DA:31,0
DA:33,0
DA:37,0
DA:38,0
DA:39,0
DA:40,0
DA:41,0
DA:43,0
DA:48,0
DA:49,0
DA:52,0
DA:54,0
DA:58,0
DA:60,0
DA:61,0
DA:62,0
DA:68,18
DA:69,18
DA:70,0
DA:71,0
DA:75,18
LF:42
LH:9
BRDA:14,0,0,0
BRDA:14,1,0,0
BRDA:14,2,0,0
BRDA:14,2,1,0
BRDA:14,3,0,0
BRDA:14,4,0,0
BRDA:14,4,1,0
BRDA:14,5,0,0
BRDA:15,6,0,0
BRDA:15,6,1,0
BRDA:18,7,0,0
BRDA:18,7,1,0
BRDA:23,8,0,0
BRDA:23,8,1,0
BRDA:23,9,0,0
BRDA:23,9,1,0
BRDA:29,10,0,0
BRDA:29,10,1,0
BRDA:38,11,0,0
BRDA:38,11,1,0
BRDA:39,12,0,0
BRDA:39,12,1,0
BRDA:39,13,0,0
BRDA:39,13,1,0
BRDA:40,14,0,0
BRDA:40,14,1,0
BRDA:48,15,0,0
BRDA:48,15,1,0
BRDA:60,16,0,0
BRDA:60,16,1,0
BRDA:69,17,0,0
BRDA:69,17,1,18
BRF:32
BRH:1
end_of_record
TN:
SF:src\services\outboxService.js
FN:3,(anonymous_0)
FN:23,(anonymous_1)
FN:31,(anonymous_2)
FN:40,(anonymous_3)
FN:44,(anonymous_4)
FNF:5
FNH:0
FNDA:0,(anonymous_0)
FNDA:0,(anonymous_1)
FNDA:0,(anonymous_2)
FNDA:0,(anonymous_3)
FNDA:0,(anonymous_4)
DA:1,18
DA:3,18
DA:5,0
DA:12,0
DA:14,0
DA:15,0
DA:16,0
DA:19,0
DA:20,0
DA:23,18
DA:24,0
DA:28,0
DA:31,18
DA:32,0
DA:33,0
DA:37,0
DA:40,18
DA:41,0
DA:44,18
DA:45,0
DA:50,0
DA:53,18
LF:22
LH:7
BRDA:12,0,0,0
BRDA:12,0,1,0
BRDA:14,1,0,0
BRDA:14,1,1,0
BRDA:14,2,0,0
BRDA:14,2,1,0
BRDA:23,3,0,0
BRDA:32,4,0,0
BRDA:32,4,1,0
BRDA:32,5,0,0
BRDA:32,5,1,0
BRDA:47,6,0,0
BRDA:47,6,1,0
BRF:13
BRH:0
end_of_record
TN:
SF:src\services\paymentGateway.js
FN:7,(anonymous_0)
FN:8,(anonymous_1)
FN:24,(anonymous_2)
FNF:3
FNH:2
FNDA:2,(anonymous_0)
FNDA:2,(anonymous_1)
FNDA:0,(anonymous_2)
DA:1,9
DA:3,9
DA:5,9
DA:7,9
DA:8,2
DA:10,2
DA:24,9
DA:25,0
DA:26,0
DA:29,0
DA:30,0
DA:32,0
DA:33,0
DA:35,0
DA:39,9
LF:15
LH:8
BRDA:25,0,0,0
BRDA:25,0,1,0
BRDA:25,1,0,0
BRDA:25,1,1,0
BRF:4
BRH:0
end_of_record
TN:
SF:src\services\rateLimitService.js
FN:6,(anonymous_0)
FN:10,(anonymous_1)
FN:13,(anonymous_2)
FN:16,(anonymous_3)
FN:19,(anonymous_4)
FN:25,(anonymous_5)
FN:31,(anonymous_6)
FN:33,(anonymous_7)
FN:85,(anonymous_8)
FN:92,(anonymous_9)
FNF:10
FNH:7
FNDA:11,(anonymous_0)
FNDA:38,(anonymous_1)
FNDA:38,(anonymous_2)
FNDA:0,(anonymous_3)
FNDA:0,(anonymous_4)
FNDA:11,(anonymous_5)
FNDA:0,(anonymous_6)
FNDA:38,(anonymous_7)
FNDA:10,(anonymous_8)
FNDA:34,(anonymous_9)
DA:1,10
DA:2,10
DA:3,10
DA:4,10
DA:6,10
DA:7,11
DA:9,11
DA:11,38
DA:14,38
DA:17,0
DA:20,0
DA:25,10
DA:31,0
DA:33,11
DA:34,38
DA:35,38
DA:36,38
DA:38,38
DA:39,0
DA:43,0
DA:46,38
DA:47,0
DA:50,38
DA:51,38
DA:53,38
DA:54,0
DA:55,0
DA:58,38
DA:60,38
DA:61,3
DA:62,3
DA:63,1
DA:64,1
DA:65,1
DA:69,1
DA:72,2
DA:73,2
DA:77,2
DA:80,35
DA:81,35
DA:85,10
DA:90,10
DA:92,10
DA:93,34
DA:95,34
DA:96,32
DA:99,2
DA:100,1
DA:104,1
DA:107,1
DA:108,1
DA:109,1
DA:110,1
DA:111,1
DA:112,1
DA:113,1
DA:114,1
DA:116,1
DA:117,0
DA:118,0
DA:121,1
DA:125,10
LF:62
LH:52
BRDA:11,0,0,38
BRDA:11,0,1,11
BRDA:25,1,0,0
BRDA:26,2,0,0
BRDA:27,3,0,0
BRDA:28,4,0,0
BRDA:29,5,0,1
BRDA:30,6,0,1
BRDA:31,7,0,0
BRDA:31,8,0,0
BRDA:31,8,1,0
BRDA:38,9,0,0
BRDA:38,9,1,38
BRDA:38,10,0,38
BRDA:38,10,1,0
BRDA:46,11,0,0
BRDA:46,11,1,38
BRDA:46,12,0,38
BRDA:46,12,1,0
BRDA:50,13,0,38
BRDA:50,13,1,11
BRDA:53,14,0,0
BRDA:53,14,1,38
BRDA:60,15,0,3
BRDA:60,15,1,35
BRDA:61,16,0,3
BRDA:61,16,1,2
BRDA:62,17,0,1
BRDA:62,17,1,2
BRDA:85,18,0,0
BRDA:86,19,0,0
BRDA:87,20,0,10
BRDA:88,21,0,10
BRDA:95,22,0,32
BRDA:95,22,1,2
BRDA:99,23,0,1
BRDA:99,23,1,1
BRDA:116,24,0,0
BRDA:116,24,1,1
BRF:39
BRH:24
end_of_record
TN:
SF:src\services\realtimeEventStore.js
FN:2,(anonymous_0)
FN:6,(anonymous_1)
FN:12,(anonymous_2)
FN:14,(anonymous_3)
FN:17,(anonymous_4)
FN:22,(anonymous_5)
FNF:6
FNH:5
FNDA:1,(anonymous_0)
FNDA:3,(anonymous_1)
FNDA:1,(anonymous_2)
FNDA:1,(anonymous_3)
FNDA:0,(anonymous_4)
FNDA:1,(anonymous_5)
DA:3,1
DA:7,3
DA:8,3
DA:9,3
DA:13,1
DA:14,1
DA:18,0
DA:22,10
DA:24,10
LF:9
LH:8
BRDA:7,0,0,3
BRDA:7,0,1,3
BRDA:12,1,0,1
BRDA:13,2,0,1
BRDA:13,2,1,0
BRF:5
BRH:4
end_of_record
TN:
SF:src\services\relationshipService.js
FN:3,(anonymous_0)
FN:38,(anonymous_1)
FNF:2
FNH:2
FNDA:1,(anonymous_0)
FNDA:2,(anonymous_1)
DA:1,10
DA:3,10
DA:4,1
DA:26,1
DA:27,0
DA:30,1
DA:31,1
DA:38,1
DA:39,2
DA:40,2
DA:51,1
DA:54,10
LF:12
LH:11
BRDA:26,0,0,0
BRDA:26,0,1,1
BRDA:39,1,0,2
BRDA:39,1,1,0
BRDA:44,2,0,2
BRDA:44,2,1,0
BRDA:45,3,0,2
BRDA:45,3,1,0
BRDA:46,4,0,2
BRDA:46,4,1,1
BRF:10
BRH:6
end_of_record
TN:
SF:src\services\workerPool.js
FN:5,(anonymous_0)
FN:14,(anonymous_1)
FN:20,(anonymous_2)
FN:25,(anonymous_3)
FN:42,(anonymous_4)
FN:51,(anonymous_5)
FN:71,(anonymous_6)
FN:72,(anonymous_7)
FN:82,(anonymous_8)
FN:86,(anonymous_9)
FN:92,(anonymous_10)
FNF:11
FNH:10
FNDA:3,(anonymous_0)
FNDA:3,(anonymous_1)
FNDA:5,(anonymous_2)
FNDA:3,(anonymous_3)
FNDA:0,(anonymous_4)
FNDA:6,(anonymous_5)
FNDA:3,(anonymous_6)
FNDA:3,(anonymous_7)
FNDA:1,(anonymous_8)
FNDA:1,(anonymous_9)
FNDA:3,(anonymous_10)
DA:1,12
DA:2,12
DA:6,3
DA:7,3
DA:8,3
DA:9,3
DA:10,3
DA:11,3
DA:15,3
DA:16,5
DA:21,5
DA:22,5
DA:23,5
DA:25,5
DA:26,3
DA:27,3
DA:28,3
DA:29,0
DA:32,3
DA:33,3
DA:34,3
DA:35,0
DA:37,3
DA:39,3
DA:42,5
DA:43,0
DA:44,0
DA:45,0
DA:46,0
DA:52,6
DA:53,3
DA:56,3
DA:57,3
DA:58,3
DA:59,0
DA:62,3
DA:67,3
DA:68,3
DA:72,3
DA:73,3
DA:77,3
DA:78,3
DA:83,1
DA:84,1
DA:85,1
DA:86,1
DA:87,1
DA:88,1
DA:92,12
DA:94,12
LF:50
LH:43
BRDA:5,0,0,0
BRDA:5,1,0,0
BRDA:28,2,0,0
BRDA:28,2,1,3
BRDA:34,3,0,0
BRDA:34,3,1,3
BRDA:45,4,0,0
BRDA:45,4,1,0
BRDA:52,5,0,3
BRDA:52,5,1,3
BRDA:52,6,0,6
BRDA:52,6,1,3
BRDA:58,7,0,0
BRDA:58,7,1,3
BRDA:58,8,0,3
BRDA:58,8,1,3
BRDA:92,9,0,0
BRF:17
BRH:9
end_of_record
TN:
SF:src\socket\socketManager.js
FN:7,(anonymous_0)
FN:16,(anonymous_1)
FN:26,(anonymous_2)
FN:41,(anonymous_3)
FN:53,(anonymous_4)
FN:64,(anonymous_5)
FN:71,(anonymous_6)
FN:75,(anonymous_7)
FN:80,(anonymous_8)
FN:89,(anonymous_9)
FN:97,(anonymous_10)
FN:109,(anonymous_11)
FN:121,(anonymous_12)
FN:132,(anonymous_13)
FNF:14
FNH:7
FNDA:2,(anonymous_0)
FNDA:1,(anonymous_1)
FNDA:0,(anonymous_2)
FNDA:0,(anonymous_3)
FNDA:0,(anonymous_4)
FNDA:0,(anonymous_5)
FNDA:0,(anonymous_6)
FNDA:0,(anonymous_7)
FNDA:0,(anonymous_8)
FNDA:3,(anonymous_9)
FNDA:1,(anonymous_10)
FNDA:1,(anonymous_11)
FNDA:1,(anonymous_12)
FNDA:1,(anonymous_13)
DA:1,10
DA:2,10
DA:7,10
DA:8,2
DA:9,1
DA:12,1
DA:14,1
DA:16,1
DA:26,1
DA:27,0
DA:28,0
DA:30,0
DA:31,0
DA:32,0
DA:33,0
DA:36,0
DA:37,0
DA:38,0
DA:41,1
DA:42,0
DA:44,0
DA:46,0
DA:53,0
DA:54,0
DA:55,0
DA:56,0
DA:57,0
DA:58,0
DA:60,0
DA:64,0
DA:65,0
DA:66,0
DA:67,0
DA:71,0
DA:72,0
DA:75,0
DA:76,0
DA:77,0
DA:80,0
DA:81,0
DA:82,0
DA:86,1
DA:89,10
DA:90,3
DA:91,0
DA:94,3
DA:97,10
DA:98,1
DA:99,1
DA:100,1
DA:105,1
DA:106,1
DA:109,10
DA:110,1
DA:111,1
DA:112,1
DA:117,1
DA:118,1
DA:121,10
DA:122,1
DA:123,1
DA:128,1
DA:129,1
DA:132,10
DA:134,10
LF:65
LH:33
BRDA:8,0,0,1
BRDA:8,0,1,1
BRDA:16,1,0,1
BRDA:16,1,1,1
BRDA:21,2,0,1
BRDA:21,2,1,1
BRDA:22,3,0,1
BRDA:22,3,1,1
BRDA:27,4,0,0
BRDA:27,4,1,0
BRDA:28,5,0,0
BRDA:28,5,1,0
BRDA:30,6,0,0
BRDA:30,6,1,0
BRDA:42,7,0,0
BRDA:42,7,1,0
BRDA:54,8,0,0
BRDA:54,8,1,0
BRDA:54,9,0,0
BRDA:54,9,1,0
BRDA:57,10,0,0
BRDA:57,10,1,0
BRDA:65,11,0,0
BRDA:65,11,1,0
BRDA:65,12,0,0
BRDA:65,12,1,0
BRDA:75,13,0,0
BRDA:90,14,0,0
BRDA:90,14,1,3
BRDA:121,15,0,0
BRF:30
BRH:9
end_of_record
TN:
SF:src\validators\applicationValidator.js
FNF:0
FNH:0
DA:1,9
DA:3,9
DA:8,9
LF:3
LH:3
BRF:0
BRH:0
end_of_record
TN:
SF:src\validators\candidateValidator.js
FNF:0
FNH:0
DA:1,9
DA:3,9
DA:15,9
LF:3
LH:3
BRF:0
BRH:0
end_of_record
TN:
SF:src\validators\companyValidator.js
FNF:0
FNH:0
DA:1,10
DA:3,10
DA:9,10
DA:14,10
LF:4
LH:4
BRF:0
BRH:0
end_of_record
TN:
SF:src\validators\consentValidator.js
FNF:0
FNH:0
DA:1,9
DA:3,9
DA:12,9
LF:3
LH:3
BRF:0
BRH:0
end_of_record
TN:
SF:src\validators\incidentValidator.js
FNF:0
FNH:0
DA:1,9
DA:3,9
DA:11,9
LF:3
LH:3
BRF:0
BRH:0
end_of_record
TN:
SF:src\validators\jobValidator.js
FNF:0
FNH:0
DA:1,9
DA:3,9
DA:24,9
LF:3
LH:3
BRF:0
BRH:0
end_of_record
TN:
SF:src\validators\kycValidator.js
FNF:0
FNH:0
DA:1,9
DA:3,9
DA:10,9
LF:3
LH:3
BRF:0
BRH:0
end_of_record
TN:
SF:src\validators\paymentValidator.js
FNF:0
FNH:0
DA:1,9
DA:3,9
DA:12,9
LF:3
LH:3
BRF:0
BRH:0
end_of_record
TN:
SF:src\validators\portalValidator.js
FNF:0
FNH:0
DA:1,9
DA:3,9
DA:9,9
DA:15,9
DA:21,9
LF:5
LH:5
BRF:0
BRH:0
end_of_record
TN:
SF:src\validators\rightsValidator.js
FN:5,(anonymous_0)
FNF:1
FNH:1
FNDA:2,(anonymous_0)
DA:1,9
DA:3,9
DA:5,2
DA:8,9
LF:4
LH:4
BRF:0
BRH:0
end_of_record
